[ 2016-05-22T20:42:09+08:00 ] ::1 /yuyaye/index.php/Admin/Index/index
INFO: [ app_init ] --START--
INFO: Run Behavior\BuildLiteBehavior [ RunTime:0.000017s ]
INFO: [ app_init ] --END-- [ RunTime:0.000523s ]
INFO: [ app_begin ] --START--
INFO: Run Behavior\ReadHtmlCacheBehavior [ RunTime:0.001405s ]
INFO: [ app_begin ] --END-- [ RunTime:0.001496s ]
INFO: [ view_parse ] --START--
INFO: [ template_filter ] --START--
INFO: Run Behavior\ContentReplaceBehavior [ RunTime:0.000614s ]
INFO: [ template_filter ] --END-- [ RunTime:0.000672s ]
NOTIC: [8] Undefined variable: meta_keywords E:\myphp\DocumentRoot\yuyaye\Runtime\Cache\Admin\b595b808c2ebeeeb0478ffc30bb4e87a.php 第 9 行.
NOTIC: [8] Undefined variable: meta_description E:\myphp\DocumentRoot\yuyaye\Runtime\Cache\Admin\b595b808c2ebeeeb0478ffc30bb4e87a.php 第 10 行.
SQL: select version() as v; [ RunTime:0.0008s ]
NOTIC: [8] Undefined variable: _admin_tabs E:\myphp\DocumentRoot\yuyaye\Runtime\Cache\Admin\b595b808c2ebeeeb0478ffc30bb4e87a.php 第 374 行.
INFO: Run Behavior\ParseTemplateBehavior [ RunTime:0.042353s ]
INFO: [ view_parse ] --END-- [ RunTime:0.042416s ]
INFO: [ view_filter ] --START--
INFO: Run Behavior\WriteHtmlCacheBehavior [ RunTime:0.000981s ]
INFO: [ view_filter ] --END-- [ RunTime:0.001053s ]
INFO: [ app_end ] --START--
INFO: Run Behavior\ShowPageTraceBehavior [ RunTime:0.001340s ]
INFO: [ app_end ] --END-- [ RunTime:0.001445s ]

[ 2016-05-22T20:42:10+08:00 ] ::1 /yuyaye/index.php/Admin/Update/checkVersion.html
INFO: [ app_init ] --START--
INFO: Run Behavior\BuildLiteBehavior [ RunTime:0.000024s ]
INFO: [ app_init ] --END-- [ RunTime:0.005488s ]
INFO: [ app_begin ] --START--
INFO: Run Behavior\ReadHtmlCacheBehavior [ RunTime:0.001636s ]
INFO: [ app_begin ] --END-- [ RunTime:0.001813s ]
ERR: 无法加载控制器:Update

[ 2016-05-22T20:42:21+08:00 ] ::1 /yuyaye/index.php/Admin/Index/showRegisterNumber.html
INFO: [ app_init ] --START--
INFO: Run Behavior\BuildLiteBehavior [ RunTime:0.000018s ]
INFO: [ app_init ] --END-- [ RunTime:0.000483s ]
INFO: [ app_begin ] --START--
INFO: Run Behavior\ReadHtmlCacheBehavior [ RunTime:0.000827s ]
INFO: [ app_begin ] --END-- [ RunTime:0.000890s ]
SQL: SHOW COLUMNS FROM `ddf_user` [ RunTime:0.0027s ]
SQL: SELECT COUNT(*) AS tp_count FROM `ddf_user` WHERE ( `create_time` >= 1462636800 AND `create_time` < 1462723200  ) LIMIT 1   [ RunTime:0.0006s ]
SQL: SELECT COUNT(*) AS tp_count FROM `ddf_user` WHERE ( `create_time` >= 1462723200 AND `create_time` < 1462809600  ) LIMIT 1   [ RunTime:0.0005s ]
SQL: SELECT COUNT(*) AS tp_count FROM `ddf_user` WHERE ( `create_time` >= 1462809600 AND `create_time` < 1462896000  ) LIMIT 1   [ RunTime:0.0004s ]
SQL: SELECT COUNT(*) AS tp_count FROM `ddf_user` WHERE ( `create_time` >= 1462896000 AND `create_time` < 1462982400  ) LIMIT 1   [ RunTime:0.0005s ]
SQL: SELECT COUNT(*) AS tp_count FROM `ddf_user` WHERE ( `create_time` >= 1462982400 AND `create_time` < 1463068800  ) LIMIT 1   [ RunTime:0.0005s ]
SQL: SELECT COUNT(*) AS tp_count FROM `ddf_user` WHERE ( `create_time` >= 1463068800 AND `create_time` < 1463155200  ) LIMIT 1   [ RunTime:0.0013s ]
SQL: SELECT COUNT(*) AS tp_count FROM `ddf_user` WHERE ( `create_time` >= 1463155200 AND `create_time` < 1463241600  ) LIMIT 1   [ RunTime:0.0006s ]
SQL: SELECT COUNT(*) AS tp_count FROM `ddf_user` WHERE ( `create_time` >= 1463241600 AND `create_time` < 1463328000  ) LIMIT 1   [ RunTime:0.0005s ]
SQL: SELECT COUNT(*) AS tp_count FROM `ddf_user` WHERE ( `create_time` >= 1463328000 AND `create_time` < 1463414400  ) LIMIT 1   [ RunTime:0.0005s ]
SQL: SELECT COUNT(*) AS tp_count FROM `ddf_user` WHERE ( `create_time` >= 1463414400 AND `create_time` < 1463500800  ) LIMIT 1   [ RunTime:0.0005s ]
SQL: SELECT COUNT(*) AS tp_count FROM `ddf_user` WHERE ( `create_time` >= 1463500800 AND `create_time` < 1463587200  ) LIMIT 1   [ RunTime:0.0005s ]
SQL: SELECT COUNT(*) AS tp_count FROM `ddf_user` WHERE ( `create_time` >= 1463587200 AND `create_time` < 1463673600  ) LIMIT 1   [ RunTime:0.0004s ]
SQL: SELECT COUNT(*) AS tp_count FROM `ddf_user` WHERE ( `create_time` >= 1463673600 AND `create_time` < 1463760000  ) LIMIT 1   [ RunTime:0.0004s ]
SQL: SELECT COUNT(*) AS tp_count FROM `ddf_user` WHERE ( `create_time` >= 1463760000 AND `create_time` < 1463846400  ) LIMIT 1   [ RunTime:0.0004s ]
SQL: SELECT COUNT(*) AS tp_count FROM `ddf_user` WHERE ( `create_time` >= 1463846400 AND `create_time` < 1463932800  ) LIMIT 1   [ RunTime:0.0005s ]
INFO: [ view_parse ] --START--
INFO: [ template_filter ] --START--
INFO: Run Behavior\ContentReplaceBehavior [ RunTime:0.000552s ]
INFO: [ template_filter ] --END-- [ RunTime:0.000622s ]
NOTIC: [8] Undefined variable: meta_keywords E:\myphp\DocumentRoot\yuyaye\Runtime\Cache\Admin\2a3e9cd679990fd624245acb0c39e8b0.php 第 9 行.
NOTIC: [8] Undefined variable: meta_description E:\myphp\DocumentRoot\yuyaye\Runtime\Cache\Admin\2a3e9cd679990fd624245acb0c39e8b0.php 第 10 行.
NOTIC: [8] Undefined variable: _admin_tabs E:\myphp\DocumentRoot\yuyaye\Runtime\Cache\Admin\2a3e9cd679990fd624245acb0c39e8b0.php 第 306 行.
INFO: Run Behavior\ParseTemplateBehavior [ RunTime:0.042323s ]
INFO: [ view_parse ] --END-- [ RunTime:0.042392s ]
INFO: [ view_filter ] --START--
INFO: Run Behavior\WriteHtmlCacheBehavior [ RunTime:0.000735s ]
INFO: [ view_filter ] --END-- [ RunTime:0.000815s ]
INFO: [ app_end ] --START--
INFO: Run Behavior\ShowPageTraceBehavior [ RunTime:0.003224s ]
INFO: [ app_end ] --END-- [ RunTime:0.003335s ]

[ 2016-05-22T20:42:23+08:00 ] ::1 /yuyaye/index.php/Admin/Index/showStorageSpace.html
INFO: [ app_init ] --START--
INFO: Run Behavior\BuildLiteBehavior [ RunTime:0.000025s ]
INFO: [ app_init ] --END-- [ RunTime:0.000826s ]
INFO: [ app_begin ] --START--
INFO: Run Behavior\ReadHtmlCacheBehavior [ RunTime:0.001107s ]
INFO: [ app_begin ] --END-- [ RunTime:0.001209s ]
SQL: SHOW COLUMNS FROM `ddf_file` [ RunTime:0.0017s ]
SQL: SELECT SUM(file_size) AS tp_Sum FROM `ddf_file` WHERE ( `upload_date` >= 1462636800 AND `upload_date` < 1462723200  ) LIMIT 1   [ RunTime:0.0008s ]
SQL: SELECT SUM(file_size) AS tp_Sum FROM `ddf_file` WHERE ( `upload_date` >= 1462723200 AND `upload_date` < 1462809600  ) LIMIT 1   [ RunTime:0.0005s ]
SQL: SELECT SUM(file_size) AS tp_Sum FROM `ddf_file` WHERE ( `upload_date` >= 1462809600 AND `upload_date` < 1462896000  ) LIMIT 1   [ RunTime:0.0006s ]
SQL: SELECT SUM(file_size) AS tp_Sum FROM `ddf_file` WHERE ( `upload_date` >= 1462896000 AND `upload_date` < 1462982400  ) LIMIT 1   [ RunTime:0.0006s ]
SQL: SELECT SUM(file_size) AS tp_Sum FROM `ddf_file` WHERE ( `upload_date` >= 1462982400 AND `upload_date` < 1463068800  ) LIMIT 1   [ RunTime:0.0012s ]
SQL: SELECT SUM(file_size) AS tp_Sum FROM `ddf_file` WHERE ( `upload_date` >= 1463068800 AND `upload_date` < 1463155200  ) LIMIT 1   [ RunTime:0.0006s ]
SQL: SELECT SUM(file_size) AS tp_Sum FROM `ddf_file` WHERE ( `upload_date` >= 1463155200 AND `upload_date` < 1463241600  ) LIMIT 1   [ RunTime:0.0006s ]
SQL: SELECT SUM(file_size) AS tp_Sum FROM `ddf_file` WHERE ( `upload_date` >= 1463241600 AND `upload_date` < 1463328000  ) LIMIT 1   [ RunTime:0.0006s ]
SQL: SELECT SUM(file_size) AS tp_Sum FROM `ddf_file` WHERE ( `upload_date` >= 1463328000 AND `upload_date` < 1463414400  ) LIMIT 1   [ RunTime:0.0005s ]
SQL: SELECT SUM(file_size) AS tp_Sum FROM `ddf_file` WHERE ( `upload_date` >= 1463414400 AND `upload_date` < 1463500800  ) LIMIT 1   [ RunTime:0.0005s ]
SQL: SELECT SUM(file_size) AS tp_Sum FROM `ddf_file` WHERE ( `upload_date` >= 1463500800 AND `upload_date` < 1463587200  ) LIMIT 1   [ RunTime:0.0007s ]
SQL: SELECT SUM(file_size) AS tp_Sum FROM `ddf_file` WHERE ( `upload_date` >= 1463587200 AND `upload_date` < 1463673600  ) LIMIT 1   [ RunTime:0.0005s ]
SQL: SELECT SUM(file_size) AS tp_Sum FROM `ddf_file` WHERE ( `upload_date` >= 1463673600 AND `upload_date` < 1463760000  ) LIMIT 1   [ RunTime:0.0005s ]
SQL: SELECT SUM(file_size) AS tp_Sum FROM `ddf_file` WHERE ( `upload_date` >= 1463760000 AND `upload_date` < 1463846400  ) LIMIT 1   [ RunTime:0.0008s ]
SQL: SELECT SUM(file_size) AS tp_Sum FROM `ddf_file` WHERE ( `upload_date` >= 1463846400 AND `upload_date` < 1463932800  ) LIMIT 1   [ RunTime:0.0006s ]
SQL: SELECT SUM(file_size) AS tp_Sum FROM `ddf_file` LIMIT 1   [ RunTime:0.0005s ]
INFO: [ view_parse ] --START--
INFO: [ template_filter ] --START--
INFO: Run Behavior\ContentReplaceBehavior [ RunTime:0.000720s ]
INFO: [ template_filter ] --END-- [ RunTime:0.000806s ]
NOTIC: [8] Undefined variable: meta_keywords E:\myphp\DocumentRoot\yuyaye\Runtime\Cache\Admin\2c233ba6af4d382019479628da302da5.php 第 9 行.
NOTIC: [8] Undefined variable: meta_description E:\myphp\DocumentRoot\yuyaye\Runtime\Cache\Admin\2c233ba6af4d382019479628da302da5.php 第 10 行.
NOTIC: [8] Undefined variable: _admin_tabs E:\myphp\DocumentRoot\yuyaye\Runtime\Cache\Admin\2c233ba6af4d382019479628da302da5.php 第 306 行.
INFO: Run Behavior\ParseTemplateBehavior [ RunTime:0.025007s ]
INFO: [ view_parse ] --END-- [ RunTime:0.025082s ]
INFO: [ view_filter ] --START--
INFO: Run Behavior\WriteHtmlCacheBehavior [ RunTime:0.000897s ]
INFO: [ view_filter ] --END-- [ RunTime:0.000972s ]
INFO: [ app_end ] --START--
INFO: Run Behavior\ShowPageTraceBehavior [ RunTime:0.003499s ]
INFO: [ app_end ] --END-- [ RunTime:0.003598s ]

[ 2016-05-22T20:42:25+08:00 ] ::1 /yuyaye/index.php/Admin/Inform/index.html
INFO: [ app_init ] --START--
INFO: Run Behavior\BuildLiteBehavior [ RunTime:0.000021s ]
INFO: [ app_init ] --END-- [ RunTime:0.000630s ]
INFO: [ app_begin ] --START--
INFO: Run Behavior\ReadHtmlCacheBehavior [ RunTime:0.001166s ]
INFO: [ app_begin ] --END-- [ RunTime:0.001256s ]
NOTIC: [2048] Declaration of Admin\Controller\InformController::setStatus() should be compatible with Admin\Controller\PublicController::setStatus($model, $script = false) E:\myphp\DocumentRoot\yuyaye\Application\Admin\Controller\InformController.class.php 第 7 行.
SQL: SHOW COLUMNS FROM `ddf_inform` [ RunTime:0.0023s ]
NOTIC: [8] Undefined index: p E:\myphp\DocumentRoot\yuyaye\Application\Admin\Controller\InformController.class.php 第 32 行.
NOTIC: [2048] Only variables should be passed by reference E:\myphp\DocumentRoot\yuyaye\ThinkPHP\Library\Think\Db\Driver.class.php 第 769 行.
SQL: SELECT * FROM `ddf_inform` WHERE ( `id` LIKE '%%' OR `inform_title` LIKE '%%' ) AND `status` >= '0' ORDER BY `id` asc LIMIT 0,5   [ RunTime:0.0010s ]
SQL: SELECT COUNT(*) AS tp_count FROM `ddf_inform` WHERE ( `id` LIKE '%%' OR `inform_title` LIKE '%%' ) AND `status` >= '0' LIMIT 1   [ RunTime:0.0006s ]
NOTIC: [2048] Declaration of Common\Builder\ListBuilder::display() should be compatible with Common\Controller\CommonController::display($template = '', $charset = '', $contentType = '', $content = '', $prefix = '') E:\myphp\DocumentRoot\yuyaye\Application\Common\Builder\ListBuilder.class.php 第 16 行.
NOTIC: [8] Undefined index: type E:\myphp\DocumentRoot\yuyaye\Application\Common\Builder\ListBuilder.class.php 第 523 行.
NOTIC: [8] Undefined index: type E:\myphp\DocumentRoot\yuyaye\Application\Common\Builder\ListBuilder.class.php 第 523 行.
NOTIC: [8] Undefined index: right_button E:\myphp\DocumentRoot\yuyaye\Application\Common\Builder\ListBuilder.class.php 第 536 行.
NOTIC: [8] Undefined index: type E:\myphp\DocumentRoot\yuyaye\Application\Common\Builder\ListBuilder.class.php 第 523 行.
NOTIC: [8] Undefined index: type E:\myphp\DocumentRoot\yuyaye\Application\Common\Builder\ListBuilder.class.php 第 523 行.
NOTIC: [8] Undefined index: type E:\myphp\DocumentRoot\yuyaye\Application\Common\Builder\ListBuilder.class.php 第 523 行.
NOTIC: [8] Undefined index: type E:\myphp\DocumentRoot\yuyaye\Application\Common\Builder\ListBuilder.class.php 第 523 行.
NOTIC: [8] Undefined index: right_button E:\myphp\DocumentRoot\yuyaye\Application\Common\Builder\ListBuilder.class.php 第 536 行.
NOTIC: [8] Undefined index: type E:\myphp\DocumentRoot\yuyaye\Application\Common\Builder\ListBuilder.class.php 第 523 行.
NOTIC: [8] Undefined index: type E:\myphp\DocumentRoot\yuyaye\Application\Common\Builder\ListBuilder.class.php 第 523 行.
NOTIC: [8] Undefined index: type E:\myphp\DocumentRoot\yuyaye\Application\Common\Builder\ListBuilder.class.php 第 523 行.
NOTIC: [8] Undefined index: type E:\myphp\DocumentRoot\yuyaye\Application\Common\Builder\ListBuilder.class.php 第 523 行.
NOTIC: [8] Undefined index: right_button E:\myphp\DocumentRoot\yuyaye\Application\Common\Builder\ListBuilder.class.php 第 536 行.
NOTIC: [8] Undefined index: type E:\myphp\DocumentRoot\yuyaye\Application\Common\Builder\ListBuilder.class.php 第 523 行.
NOTIC: [8] Undefined index: type E:\myphp\DocumentRoot\yuyaye\Application\Common\Builder\ListBuilder.class.php 第 523 行.
NOTIC: [8] Undefined index: type E:\myphp\DocumentRoot\yuyaye\Application\Common\Builder\ListBuilder.class.php 第 523 行.
NOTIC: [8] Undefined index: type E:\myphp\DocumentRoot\yuyaye\Application\Common\Builder\ListBuilder.class.php 第 523 行.
NOTIC: [8] Undefined index: right_button E:\myphp\DocumentRoot\yuyaye\Application\Common\Builder\ListBuilder.class.php 第 536 行.
NOTIC: [8] Undefined index: type E:\myphp\DocumentRoot\yuyaye\Application\Common\Builder\ListBuilder.class.php 第 523 行.
NOTIC: [8] Undefined index: type E:\myphp\DocumentRoot\yuyaye\Application\Common\Builder\ListBuilder.class.php 第 523 行.
NOTIC: [8] Undefined index: type E:\myphp\DocumentRoot\yuyaye\Application\Common\Builder\ListBuilder.class.php 第 523 行.
NOTIC: [8] Undefined index: type E:\myphp\DocumentRoot\yuyaye\Application\Common\Builder\ListBuilder.class.php 第 523 行.
NOTIC: [8] Undefined index: right_button E:\myphp\DocumentRoot\yuyaye\Application\Common\Builder\ListBuilder.class.php 第 536 行.
NOTIC: [8] Undefined index: type E:\myphp\DocumentRoot\yuyaye\Application\Common\Builder\ListBuilder.class.php 第 523 行.
NOTIC: [8] Undefined index: type E:\myphp\DocumentRoot\yuyaye\Application\Common\Builder\ListBuilder.class.php 第 523 行.
INFO: [ view_parse ] --START--
INFO: [ template_filter ] --START--
INFO: Run Behavior\ContentReplaceBehavior [ RunTime:0.000941s ]
INFO: [ template_filter ] --END-- [ RunTime:0.001109s ]
NOTIC: [8] Undefined variable: meta_keywords E:\myphp\DocumentRoot\yuyaye\Runtime\Cache\Admin\d2db961455aa86f1865a8062c7758332.php 第 9 行.
NOTIC: [8] Undefined variable: meta_description E:\myphp\DocumentRoot\yuyaye\Runtime\Cache\Admin\d2db961455aa86f1865a8062c7758332.php 第 10 行.
NOTIC: [8] Undefined index: keyword E:\myphp\DocumentRoot\yuyaye\Runtime\Cache\Admin\d2db961455aa86f1865a8062c7758332.php 第 363 行.
NOTIC: [8] Undefined variable: _admin_tabs E:\myphp\DocumentRoot\yuyaye\Runtime\Cache\Admin\d2db961455aa86f1865a8062c7758332.php 第 451 行.
INFO: Run Behavior\ParseTemplateBehavior [ RunTime:0.033270s ]
INFO: [ view_parse ] --END-- [ RunTime:0.033354s ]
INFO: [ view_filter ] --START--
INFO: Run Behavior\WriteHtmlCacheBehavior [ RunTime:0.000945s ]
INFO: [ view_filter ] --END-- [ RunTime:0.001024s ]
INFO: [ app_end ] --START--
INFO: Run Behavior\ShowPageTraceBehavior [ RunTime:0.001531s ]
INFO: [ app_end ] --END-- [ RunTime:0.001641s ]

[ 2016-05-22T20:42:27+08:00 ] ::1 /yuyaye/index.php/Admin/Link/index.html
INFO: [ app_init ] --START--
INFO: Run Behavior\BuildLiteBehavior [ RunTime:0.000027s ]
INFO: [ app_init ] --END-- [ RunTime:0.000930s ]
INFO: [ app_begin ] --START--
INFO: Run Behavior\ReadHtmlCacheBehavior [ RunTime:0.000905s ]
INFO: [ app_begin ] --END-- [ RunTime:0.000977s ]
NOTIC: [2048] Declaration of Admin\Controller\LinkController::setStatus() should be compatible with Admin\Controller\PublicController::setStatus($model, $script = false) E:\myphp\DocumentRoot\yuyaye\Application\Admin\Controller\LinkController.class.php 第 7 行.
SQL: SHOW COLUMNS FROM `ddf_link` [ RunTime:0.0026s ]
NOTIC: [8] Undefined index: p E:\myphp\DocumentRoot\yuyaye\Application\Admin\Controller\LinkController.class.php 第 32 行.
NOTIC: [2048] Only variables should be passed by reference E:\myphp\DocumentRoot\yuyaye\ThinkPHP\Library\Think\Db\Driver.class.php 第 769 行.
SQL: SELECT * FROM `ddf_link` WHERE ( `id` LIKE '%%' OR `link_name` LIKE '%%' ) AND `status` >= '0' ORDER BY `id` asc LIMIT 0,8   [ RunTime:0.0007s ]
SQL: SELECT COUNT(*) AS tp_count FROM `ddf_link` WHERE ( `id` LIKE '%%' OR `link_name` LIKE '%%' ) AND `status` >= '0' LIMIT 1   [ RunTime:0.0005s ]
NOTIC: [2048] Declaration of Common\Builder\ListBuilder::display() should be compatible with Common\Controller\CommonController::display($template = '', $charset = '', $contentType = '', $content = '', $prefix = '') E:\myphp\DocumentRoot\yuyaye\Application\Common\Builder\ListBuilder.class.php 第 16 行.
NOTIC: [8] Undefined index: type E:\myphp\DocumentRoot\yuyaye\Application\Common\Builder\ListBuilder.class.php 第 523 行.
NOTIC: [8] Undefined index: type E:\myphp\DocumentRoot\yuyaye\Application\Common\Builder\ListBuilder.class.php 第 523 行.
NOTIC: [8] Undefined index: right_button E:\myphp\DocumentRoot\yuyaye\Application\Common\Builder\ListBuilder.class.php 第 536 行.
NOTIC: [8] Undefined index: type E:\myphp\DocumentRoot\yuyaye\Application\Common\Builder\ListBuilder.class.php 第 523 行.
NOTIC: [8] Undefined index: type E:\myphp\DocumentRoot\yuyaye\Application\Common\Builder\ListBuilder.class.php 第 523 行.
NOTIC: [8] Undefined index: type E:\myphp\DocumentRoot\yuyaye\Application\Common\Builder\ListBuilder.class.php 第 523 行.
NOTIC: [8] Undefined index: type E:\myphp\DocumentRoot\yuyaye\Application\Common\Builder\ListBuilder.class.php 第 523 行.
NOTIC: [8] Undefined index: right_button E:\myphp\DocumentRoot\yuyaye\Application\Common\Builder\ListBuilder.class.php 第 536 行.
NOTIC: [8] Undefined index: type E:\myphp\DocumentRoot\yuyaye\Application\Common\Builder\ListBuilder.class.php 第 523 行.
NOTIC: [8] Undefined index: type E:\myphp\DocumentRoot\yuyaye\Application\Common\Builder\ListBuilder.class.php 第 523 行.
NOTIC: [8] Undefined index: type E:\myphp\DocumentRoot\yuyaye\Application\Common\Builder\ListBuilder.class.php 第 523 行.
NOTIC: [8] Undefined index: type E:\myphp\DocumentRoot\yuyaye\Application\Common\Builder\ListBuilder.class.php 第 523 行.
NOTIC: [8] Undefined index: right_button E:\myphp\DocumentRoot\yuyaye\Application\Common\Builder\ListBuilder.class.php 第 536 行.
NOTIC: [8] Undefined index: type E:\myphp\DocumentRoot\yuyaye\Application\Common\Builder\ListBuilder.class.php 第 523 行.
NOTIC: [8] Undefined index: type E:\myphp\DocumentRoot\yuyaye\Application\Common\Builder\ListBuilder.class.php 第 523 行.
NOTIC: [8] Undefined index: type E:\myphp\DocumentRoot\yuyaye\Application\Common\Builder\ListBuilder.class.php 第 523 行.
NOTIC: [8] Undefined index: type E:\myphp\DocumentRoot\yuyaye\Application\Common\Builder\ListBuilder.class.php 第 523 行.
NOTIC: [8] Undefined index: right_button E:\myphp\DocumentRoot\yuyaye\Application\Common\Builder\ListBuilder.class.php 第 536 行.
NOTIC: [8] Undefined index: type E:\myphp\DocumentRoot\yuyaye\Application\Common\Builder\ListBuilder.class.php 第 523 行.
NOTIC: [8] Undefined index: type E:\myphp\DocumentRoot\yuyaye\Application\Common\Builder\ListBuilder.class.php 第 523 行.
NOTIC: [8] Undefined index: type E:\myphp\DocumentRoot\yuyaye\Application\Common\Builder\ListBuilder.class.php 第 523 行.
NOTIC: [8] Undefined index: type E:\myphp\DocumentRoot\yuyaye\Application\Common\Builder\ListBuilder.class.php 第 523 行.
NOTIC: [8] Undefined index: right_button E:\myphp\DocumentRoot\yuyaye\Application\Common\Builder\ListBuilder.class.php 第 536 行.
NOTIC: [8] Undefined index: type E:\myphp\DocumentRoot\yuyaye\Application\Common\Builder\ListBuilder.class.php 第 523 行.
NOTIC: [8] Undefined index: type E:\myphp\DocumentRoot\yuyaye\Application\Common\Builder\ListBuilder.class.php 第 523 行.
NOTIC: [8] Undefined index: type E:\myphp\DocumentRoot\yuyaye\Application\Common\Builder\ListBuilder.class.php 第 523 行.
NOTIC: [8] Undefined index: type E:\myphp\DocumentRoot\yuyaye\Application\Common\Builder\ListBuilder.class.php 第 523 行.
NOTIC: [8] Undefined index: right_button E:\myphp\DocumentRoot\yuyaye\Application\Common\Builder\ListBuilder.class.php 第 536 行.
NOTIC: [8] Undefined index: type E:\myphp\DocumentRoot\yuyaye\Application\Common\Builder\ListBuilder.class.php 第 523 行.
NOTIC: [8] Undefined index: type E:\myphp\DocumentRoot\yuyaye\Application\Common\Builder\ListBuilder.class.php 第 523 行.
INFO: [ view_parse ] --START--
INFO: [ template_filter ] --START--
INFO: Run Behavior\ContentReplaceBehavior [ RunTime:0.000703s ]
INFO: [ template_filter ] --END-- [ RunTime:0.000761s ]
NOTIC: [8] Undefined variable: meta_keywords E:\myphp\DocumentRoot\yuyaye\Runtime\Cache\Admin\d2db961455aa86f1865a8062c7758332.php 第 9 行.
NOTIC: [8] Undefined variable: meta_description E:\myphp\DocumentRoot\yuyaye\Runtime\Cache\Admin\d2db961455aa86f1865a8062c7758332.php 第 10 行.
NOTIC: [8] Undefined index: keyword E:\myphp\DocumentRoot\yuyaye\Runtime\Cache\Admin\d2db961455aa86f1865a8062c7758332.php 第 363 行.
NOTIC: [8] Undefined variable: _admin_tabs E:\myphp\DocumentRoot\yuyaye\Runtime\Cache\Admin\d2db961455aa86f1865a8062c7758332.php 第 451 行.
INFO: Run Behavior\ParseTemplateBehavior [ RunTime:0.027075s ]
INFO: [ view_parse ] --END-- [ RunTime:0.027131s ]
INFO: [ view_filter ] --START--
INFO: Run Behavior\WriteHtmlCacheBehavior [ RunTime:0.000714s ]
INFO: [ view_filter ] --END-- [ RunTime:0.000766s ]
INFO: [ app_end ] --START--
INFO: Run Behavior\ShowPageTraceBehavior [ RunTime:0.001440s ]
INFO: [ app_end ] --END-- [ RunTime:0.001542s ]

[ 2016-05-22T20:42:29+08:00 ] ::1 /yuyaye/index.php/Admin/Nav/index.html
INFO: [ app_init ] --START--
INFO: Run Behavior\BuildLiteBehavior [ RunTime:0.000018s ]
INFO: [ app_init ] --END-- [ RunTime:0.000489s ]
INFO: [ app_begin ] --START--
INFO: Run Behavior\ReadHtmlCacheBehavior [ RunTime:0.001067s ]
INFO: [ app_begin ] --END-- [ RunTime:0.001152s ]
NOTIC: [2048] Declaration of Admin\Controller\navController::setStatus() should be compatible with Admin\Controller\PublicController::setStatus($model, $script = false) E:\myphp\DocumentRoot\yuyaye\Application\Admin\Controller\NavController.class.php 第 7 行.
SQL: SHOW COLUMNS FROM `ddf_nav` [ RunTime:0.0012s ]
NOTIC: [8] Undefined index: p E:\myphp\DocumentRoot\yuyaye\Application\Admin\Controller\NavController.class.php 第 32 行.
NOTIC: [2048] Only variables should be passed by reference E:\myphp\DocumentRoot\yuyaye\ThinkPHP\Library\Think\Db\Driver.class.php 第 769 行.
SQL: SELECT * FROM `ddf_nav` WHERE ( `id` LIKE '%%' OR `nav_name` LIKE '%%' ) AND `status` >= '0' ORDER BY `id` asc LIMIT 0,8   [ RunTime:0.0007s ]
SQL: SELECT COUNT(*) AS tp_count FROM `ddf_nav` WHERE ( `id` LIKE '%%' OR `nav_name` LIKE '%%' ) AND `status` >= '0' LIMIT 1   [ RunTime:0.0011s ]
NOTIC: [2048] Declaration of Common\Builder\ListBuilder::display() should be compatible with Common\Controller\CommonController::display($template = '', $charset = '', $contentType = '', $content = '', $prefix = '') E:\myphp\DocumentRoot\yuyaye\Application\Common\Builder\ListBuilder.class.php 第 16 行.
NOTIC: [8] Undefined index: type E:\myphp\DocumentRoot\yuyaye\Application\Common\Builder\ListBuilder.class.php 第 523 行.
NOTIC: [8] Undefined index: type E:\myphp\DocumentRoot\yuyaye\Application\Common\Builder\ListBuilder.class.php 第 523 行.
NOTIC: [8] Undefined index: right_button E:\myphp\DocumentRoot\yuyaye\Application\Common\Builder\ListBuilder.class.php 第 536 行.
NOTIC: [8] Undefined index: type E:\myphp\DocumentRoot\yuyaye\Application\Common\Builder\ListBuilder.class.php 第 523 行.
NOTIC: [8] Undefined index: type E:\myphp\DocumentRoot\yuyaye\Application\Common\Builder\ListBuilder.class.php 第 523 行.
NOTIC: [8] Undefined index: type E:\myphp\DocumentRoot\yuyaye\Application\Common\Builder\ListBuilder.class.php 第 523 行.
NOTIC: [8] Undefined index: type E:\myphp\DocumentRoot\yuyaye\Application\Common\Builder\ListBuilder.class.php 第 523 行.
NOTIC: [8] Undefined index: right_button E:\myphp\DocumentRoot\yuyaye\Application\Common\Builder\ListBuilder.class.php 第 536 行.
NOTIC: [8] Undefined index: type E:\myphp\DocumentRoot\yuyaye\Application\Common\Builder\ListBuilder.class.php 第 523 行.
NOTIC: [8] Undefined index: type E:\myphp\DocumentRoot\yuyaye\Application\Common\Builder\ListBuilder.class.php 第 523 行.
NOTIC: [8] Undefined index: type E:\myphp\DocumentRoot\yuyaye\Application\Common\Builder\ListBuilder.class.php 第 523 行.
NOTIC: [8] Undefined index: type E:\myphp\DocumentRoot\yuyaye\Application\Common\Builder\ListBuilder.class.php 第 523 行.
NOTIC: [8] Undefined index: right_button E:\myphp\DocumentRoot\yuyaye\Application\Common\Builder\ListBuilder.class.php 第 536 行.
NOTIC: [8] Undefined index: type E:\myphp\DocumentRoot\yuyaye\Application\Common\Builder\ListBuilder.class.php 第 523 行.
NOTIC: [8] Undefined index: type E:\myphp\DocumentRoot\yuyaye\Application\Common\Builder\ListBuilder.class.php 第 523 行.
NOTIC: [8] Undefined index: type E:\myphp\DocumentRoot\yuyaye\Application\Common\Builder\ListBuilder.class.php 第 523 行.
NOTIC: [8] Undefined index: type E:\myphp\DocumentRoot\yuyaye\Application\Common\Builder\ListBuilder.class.php 第 523 行.
NOTIC: [8] Undefined index: right_button E:\myphp\DocumentRoot\yuyaye\Application\Common\Builder\ListBuilder.class.php 第 536 行.
NOTIC: [8] Undefined index: type E:\myphp\DocumentRoot\yuyaye\Application\Common\Builder\ListBuilder.class.php 第 523 行.
NOTIC: [8] Undefined index: type E:\myphp\DocumentRoot\yuyaye\Application\Common\Builder\ListBuilder.class.php 第 523 行.
NOTIC: [8] Undefined index: type E:\myphp\DocumentRoot\yuyaye\Application\Common\Builder\ListBuilder.class.php 第 523 行.
NOTIC: [8] Undefined index: type E:\myphp\DocumentRoot\yuyaye\Application\Common\Builder\ListBuilder.class.php 第 523 行.
NOTIC: [8] Undefined index: right_button E:\myphp\DocumentRoot\yuyaye\Application\Common\Builder\ListBuilder.class.php 第 536 行.
NOTIC: [8] Undefined index: type E:\myphp\DocumentRoot\yuyaye\Application\Common\Builder\ListBuilder.class.php 第 523 行.
NOTIC: [8] Undefined index: type E:\myphp\DocumentRoot\yuyaye\Application\Common\Builder\ListBuilder.class.php 第 523 行.
NOTIC: [8] Undefined index: type E:\myphp\DocumentRoot\yuyaye\Application\Common\Builder\ListBuilder.class.php 第 523 行.
NOTIC: [8] Undefined index: type E:\myphp\DocumentRoot\yuyaye\Application\Common\Builder\ListBuilder.class.php 第 523 行.
NOTIC: [8] Undefined index: right_button E:\myphp\DocumentRoot\yuyaye\Application\Common\Builder\ListBuilder.class.php 第 536 行.
NOTIC: [8] Undefined index: type E:\myphp\DocumentRoot\yuyaye\Application\Common\Builder\ListBuilder.class.php 第 523 行.
NOTIC: [8] Undefined index: type E:\myphp\DocumentRoot\yuyaye\Application\Common\Builder\ListBuilder.class.php 第 523 行.
INFO: [ view_parse ] --START--
INFO: [ template_filter ] --START--
INFO: Run Behavior\ContentReplaceBehavior [ RunTime:0.000791s ]
INFO: [ template_filter ] --END-- [ RunTime:0.000874s ]
NOTIC: [8] Undefined variable: meta_keywords E:\myphp\DocumentRoot\yuyaye\Runtime\Cache\Admin\d2db961455aa86f1865a8062c7758332.php 第 9 行.
NOTIC: [8] Undefined variable: meta_description E:\myphp\DocumentRoot\yuyaye\Runtime\Cache\Admin\d2db961455aa86f1865a8062c7758332.php 第 10 行.
NOTIC: [8] Undefined index: keyword E:\myphp\DocumentRoot\yuyaye\Runtime\Cache\Admin\d2db961455aa86f1865a8062c7758332.php 第 363 行.
NOTIC: [8] Undefined variable: _admin_tabs E:\myphp\DocumentRoot\yuyaye\Runtime\Cache\Admin\d2db961455aa86f1865a8062c7758332.php 第 451 行.
INFO: Run Behavior\ParseTemplateBehavior [ RunTime:0.025882s ]
INFO: [ view_parse ] --END-- [ RunTime:0.025941s ]
INFO: [ view_filter ] --START--
INFO: Run Behavior\WriteHtmlCacheBehavior [ RunTime:0.001848s ]
INFO: [ view_filter ] --END-- [ RunTime:0.001921s ]
INFO: [ app_end ] --START--
INFO: Run Behavior\ShowPageTraceBehavior [ RunTime:0.001406s ]
INFO: [ app_end ] --END-- [ RunTime:0.001587s ]

[ 2016-05-22T20:42:31+08:00 ] ::1 /yuyaye/index.php/Admin/System/index.html
INFO: [ app_init ] --START--
INFO: Run Behavior\BuildLiteBehavior [ RunTime:0.000022s ]
INFO: [ app_init ] --END-- [ RunTime:0.000623s ]
INFO: [ app_begin ] --START--
INFO: Run Behavior\ReadHtmlCacheBehavior [ RunTime:0.001184s ]
INFO: [ app_begin ] --END-- [ RunTime:0.001286s ]
INFO: [ view_parse ] --START--
INFO: [ template_filter ] --START--
INFO: Run Behavior\ContentReplaceBehavior [ RunTime:0.000793s ]
INFO: [ template_filter ] --END-- [ RunTime:0.000880s ]
NOTIC: [8] Undefined variable: meta_keywords E:\myphp\DocumentRoot\yuyaye\Runtime\Cache\Admin\2c2c98dfae62b20ffdb7278df0486bd4.php 第 9 行.
NOTIC: [8] Undefined variable: meta_description E:\myphp\DocumentRoot\yuyaye\Runtime\Cache\Admin\2c2c98dfae62b20ffdb7278df0486bd4.php 第 10 行.
SQL: select version() as v; [ RunTime:0.0002s ]
NOTIC: [8] Undefined variable: _admin_tabs E:\myphp\DocumentRoot\yuyaye\Runtime\Cache\Admin\2c2c98dfae62b20ffdb7278df0486bd4.php 第 374 行.
INFO: Run Behavior\ParseTemplateBehavior [ RunTime:0.041363s ]
INFO: [ view_parse ] --END-- [ RunTime:0.041430s ]
INFO: [ view_filter ] --START--
INFO: Run Behavior\WriteHtmlCacheBehavior [ RunTime:0.000855s ]
INFO: [ view_filter ] --END-- [ RunTime:0.000934s ]
INFO: [ app_end ] --START--
INFO: Run Behavior\ShowPageTraceBehavior [ RunTime:0.004312s ]
INFO: [ app_end ] --END-- [ RunTime:0.004412s ]

[ 2016-05-22T20:42:31+08:00 ] ::1 /yuyaye/index.php/Admin/Update/checkVersion.html
INFO: [ app_init ] --START--
INFO: Run Behavior\BuildLiteBehavior [ RunTime:0.000026s ]
INFO: [ app_init ] --END-- [ RunTime:0.000762s ]
INFO: [ app_begin ] --START--
INFO: Run Behavior\ReadHtmlCacheBehavior [ RunTime:0.001117s ]
INFO: [ app_begin ] --END-- [ RunTime:0.001202s ]
ERR: 无法加载控制器:Update

[ 2016-05-22T20:42:33+08:00 ] ::1 /yuyaye/index.php/Admin/User/index.html
INFO: [ app_init ] --START--
INFO: Run Behavior\BuildLiteBehavior [ RunTime:0.000019s ]
INFO: [ app_init ] --END-- [ RunTime:0.000520s ]
INFO: [ app_begin ] --START--
INFO: Run Behavior\ReadHtmlCacheBehavior [ RunTime:0.000846s ]
INFO: [ app_begin ] --END-- [ RunTime:0.000910s ]
INFO: [ view_parse ] --START--
INFO: [ template_filter ] --START--
INFO: Run Behavior\ContentReplaceBehavior [ RunTime:0.000621s ]
INFO: [ template_filter ] --END-- [ RunTime:0.000682s ]
NOTIC: [8] Undefined variable: meta_keywords E:\myphp\DocumentRoot\yuyaye\Runtime\Cache\Admin\65e605872ed5d34210f5b33beb13f5a3.php 第 9 行.
NOTIC: [8] Undefined variable: meta_description E:\myphp\DocumentRoot\yuyaye\Runtime\Cache\Admin\65e605872ed5d34210f5b33beb13f5a3.php 第 10 行.
SQL: select version() as v; [ RunTime:0.0002s ]
NOTIC: [8] Undefined variable: _admin_tabs E:\myphp\DocumentRoot\yuyaye\Runtime\Cache\Admin\65e605872ed5d34210f5b33beb13f5a3.php 第 374 行.
INFO: Run Behavior\ParseTemplateBehavior [ RunTime:0.050978s ]
INFO: [ view_parse ] --END-- [ RunTime:0.051032s ]
INFO: [ view_filter ] --START--
INFO: Run Behavior\WriteHtmlCacheBehavior [ RunTime:0.000799s ]
INFO: [ view_filter ] --END-- [ RunTime:0.000871s ]
INFO: [ app_end ] --START--
INFO: Run Behavior\ShowPageTraceBehavior [ RunTime:0.001793s ]
INFO: [ app_end ] --END-- [ RunTime:0.001905s ]

[ 2016-05-22T20:42:34+08:00 ] ::1 /yuyaye/index.php/Admin/Update/checkVersion.html
INFO: [ app_init ] --START--
INFO: Run Behavior\BuildLiteBehavior [ RunTime:0.000025s ]
INFO: [ app_init ] --END-- [ RunTime:0.000733s ]
INFO: [ app_begin ] --START--
INFO: Run Behavior\ReadHtmlCacheBehavior [ RunTime:0.001202s ]
INFO: [ app_begin ] --END-- [ RunTime:0.001290s ]
ERR: 无法加载控制器:Update

[ 2016-05-22T20:42:34+08:00 ] ::1 /yuyaye/index.php/Admin/System/index.html
INFO: [ app_init ] --START--
INFO: Run Behavior\BuildLiteBehavior [ RunTime:0.000016s ]
INFO: [ app_init ] --END-- [ RunTime:0.000464s ]
INFO: [ app_begin ] --START--
INFO: Run Behavior\ReadHtmlCacheBehavior [ RunTime:0.000823s ]
INFO: [ app_begin ] --END-- [ RunTime:0.000885s ]
INFO: [ view_parse ] --START--
INFO: [ template_filter ] --START--
INFO: Run Behavior\ContentReplaceBehavior [ RunTime:0.000642s ]
INFO: [ template_filter ] --END-- [ RunTime:0.000703s ]
NOTIC: [8] Undefined variable: meta_keywords E:\myphp\DocumentRoot\yuyaye\Runtime\Cache\Admin\2c2c98dfae62b20ffdb7278df0486bd4.php 第 9 行.
NOTIC: [8] Undefined variable: meta_description E:\myphp\DocumentRoot\yuyaye\Runtime\Cache\Admin\2c2c98dfae62b20ffdb7278df0486bd4.php 第 10 行.
SQL: select version() as v; [ RunTime:0.0002s ]
NOTIC: [8] Undefined variable: _admin_tabs E:\myphp\DocumentRoot\yuyaye\Runtime\Cache\Admin\2c2c98dfae62b20ffdb7278df0486bd4.php 第 374 行.
INFO: Run Behavior\ParseTemplateBehavior [ RunTime:0.030193s ]
INFO: [ view_parse ] --END-- [ RunTime:0.030247s ]
INFO: [ view_filter ] --START--
INFO: Run Behavior\WriteHtmlCacheBehavior [ RunTime:0.001739s ]
INFO: [ view_filter ] --END-- [ RunTime:0.001814s ]
INFO: [ app_end ] --START--
INFO: Run Behavior\ShowPageTraceBehavior [ RunTime:0.008603s ]
INFO: [ app_end ] --END-- [ RunTime:0.008697s ]

[ 2016-05-22T20:42:35+08:00 ] ::1 /yuyaye/index.php/Admin/Update/checkVersion.html
INFO: [ app_init ] --START--
INFO: Run Behavior\BuildLiteBehavior [ RunTime:0.000018s ]
INFO: [ app_init ] --END-- [ RunTime:0.000490s ]
INFO: [ app_begin ] --START--
INFO: Run Behavior\ReadHtmlCacheBehavior [ RunTime:0.001111s ]
INFO: [ app_begin ] --END-- [ RunTime:0.001188s ]
ERR: 无法加载控制器:Update

[ 2016-05-22T20:58:01+08:00 ] ::1 /yuyaye/index.php/Admin/User/index.html
INFO: [ app_init ] --START--
INFO: Run Behavior\BuildLiteBehavior [ RunTime:0.000017s ]
INFO: [ app_init ] --END-- [ RunTime:0.000580s ]
INFO: [ app_begin ] --START--
INFO: Run Behavior\ReadHtmlCacheBehavior [ RunTime:0.001023s ]
INFO: [ app_begin ] --END-- [ RunTime:0.001089s ]
INFO: [ view_parse ] --START--
INFO: [ template_filter ] --START--
INFO: Run Behavior\ContentReplaceBehavior [ RunTime:0.000616s ]
INFO: [ template_filter ] --END-- [ RunTime:0.000681s ]
NOTIC: [8] Undefined variable: meta_keywords E:\myphp\DocumentRoot\yuyaye\Runtime\Cache\Admin\65e605872ed5d34210f5b33beb13f5a3.php 第 9 行.
NOTIC: [8] Undefined variable: meta_description E:\myphp\DocumentRoot\yuyaye\Runtime\Cache\Admin\65e605872ed5d34210f5b33beb13f5a3.php 第 10 行.
SQL: select version() as v; [ RunTime:0.0002s ]
NOTIC: [8] Undefined variable: _admin_tabs E:\myphp\DocumentRoot\yuyaye\Runtime\Cache\Admin\65e605872ed5d34210f5b33beb13f5a3.php 第 374 行.
INFO: Run Behavior\ParseTemplateBehavior [ RunTime:0.034305s ]
INFO: [ view_parse ] --END-- [ RunTime:0.034369s ]
INFO: [ view_filter ] --START--
INFO: Run Behavior\WriteHtmlCacheBehavior [ RunTime:0.000702s ]
INFO: [ view_filter ] --END-- [ RunTime:0.000753s ]
INFO: [ app_end ] --START--
INFO: Run Behavior\ShowPageTraceBehavior [ RunTime:0.011800s ]
INFO: [ app_end ] --END-- [ RunTime:0.011896s ]

[ 2016-05-22T20:58:01+08:00 ] ::1 /yuyaye/index.php/Admin/Update/checkVersion.html
INFO: [ app_init ] --START--
INFO: Run Behavior\BuildLiteBehavior [ RunTime:0.000028s ]
INFO: [ app_init ] --END-- [ RunTime:0.000737s ]
INFO: [ app_begin ] --START--
INFO: Run Behavior\ReadHtmlCacheBehavior [ RunTime:0.000839s ]
INFO: [ app_begin ] --END-- [ RunTime:0.000900s ]
ERR: 无法加载控制器:Update

[ 2016-05-22T20:58:02+08:00 ] ::1 /yuyaye/index.php/Admin/System/index.html
INFO: [ app_init ] --START--
INFO: Run Behavior\BuildLiteBehavior [ RunTime:0.000018s ]
INFO: [ app_init ] --END-- [ RunTime:0.000485s ]
INFO: [ app_begin ] --START--
INFO: Run Behavior\ReadHtmlCacheBehavior [ RunTime:0.001363s ]
INFO: [ app_begin ] --END-- [ RunTime:0.001466s ]
INFO: [ view_parse ] --START--
INFO: [ template_filter ] --START--
INFO: Run Behavior\ContentReplaceBehavior [ RunTime:0.000616s ]
INFO: [ template_filter ] --END-- [ RunTime:0.000682s ]
NOTIC: [8] Undefined variable: meta_keywords E:\myphp\DocumentRoot\yuyaye\Runtime\Cache\Admin\2c2c98dfae62b20ffdb7278df0486bd4.php 第 9 行.
NOTIC: [8] Undefined variable: meta_description E:\myphp\DocumentRoot\yuyaye\Runtime\Cache\Admin\2c2c98dfae62b20ffdb7278df0486bd4.php 第 10 行.
SQL: select version() as v; [ RunTime:0.0002s ]
NOTIC: [8] Undefined variable: _admin_tabs E:\myphp\DocumentRoot\yuyaye\Runtime\Cache\Admin\2c2c98dfae62b20ffdb7278df0486bd4.php 第 374 行.
INFO: Run Behavior\ParseTemplateBehavior [ RunTime:0.032445s ]
INFO: [ view_parse ] --END-- [ RunTime:0.032504s ]
INFO: [ view_filter ] --START--
INFO: Run Behavior\WriteHtmlCacheBehavior [ RunTime:0.000723s ]
INFO: [ view_filter ] --END-- [ RunTime:0.000779s ]
INFO: [ app_end ] --START--
INFO: Run Behavior\ShowPageTraceBehavior [ RunTime:0.008164s ]
INFO: [ app_end ] --END-- [ RunTime:0.008256s ]

[ 2016-05-22T20:58:02+08:00 ] ::1 /yuyaye/index.php/Admin/Update/checkVersion.html
INFO: [ app_init ] --START--
INFO: Run Behavior\BuildLiteBehavior [ RunTime:0.000051s ]
INFO: [ app_init ] --END-- [ RunTime:0.000568s ]
INFO: [ app_begin ] --START--
INFO: Run Behavior\ReadHtmlCacheBehavior [ RunTime:0.000861s ]
INFO: [ app_begin ] --END-- [ RunTime:0.000923s ]
ERR: 无法加载控制器:Update

[ 2016-05-22T20:58:16+08:00 ] ::1 /yuyaye/index.php/Admin/Index/index.html
INFO: [ app_init ] --START--
INFO: Run Behavior\BuildLiteBehavior [ RunTime:0.000017s ]
INFO: [ app_init ] --END-- [ RunTime:0.000491s ]
INFO: [ app_begin ] --START--
INFO: Run Behavior\ReadHtmlCacheBehavior [ RunTime:0.000816s ]
INFO: [ app_begin ] --END-- [ RunTime:0.000881s ]
INFO: [ view_parse ] --START--
INFO: [ template_filter ] --START--
INFO: Run Behavior\ContentReplaceBehavior [ RunTime:0.000635s ]
INFO: [ template_filter ] --END-- [ RunTime:0.000695s ]
NOTIC: [8] Undefined variable: meta_keywords E:\myphp\DocumentRoot\yuyaye\Runtime\Cache\Admin\b595b808c2ebeeeb0478ffc30bb4e87a.php 第 9 行.
NOTIC: [8] Undefined variable: meta_description E:\myphp\DocumentRoot\yuyaye\Runtime\Cache\Admin\b595b808c2ebeeeb0478ffc30bb4e87a.php 第 10 行.
SQL: select version() as v; [ RunTime:0.0013s ]
NOTIC: [8] Undefined variable: _admin_tabs E:\myphp\DocumentRoot\yuyaye\Runtime\Cache\Admin\b595b808c2ebeeeb0478ffc30bb4e87a.php 第 374 行.
INFO: Run Behavior\ParseTemplateBehavior [ RunTime:0.039091s ]
INFO: [ view_parse ] --END-- [ RunTime:0.039161s ]
INFO: [ view_filter ] --START--
INFO: Run Behavior\WriteHtmlCacheBehavior [ RunTime:0.000928s ]
INFO: [ view_filter ] --END-- [ RunTime:0.001014s ]
INFO: [ app_end ] --START--
INFO: Run Behavior\ShowPageTraceBehavior [ RunTime:0.001484s ]
INFO: [ app_end ] --END-- [ RunTime:0.001589s ]

[ 2016-05-22T20:58:17+08:00 ] ::1 /yuyaye/index.php/Admin/Update/checkVersion.html
INFO: [ app_init ] --START--
INFO: Run Behavior\BuildLiteBehavior [ RunTime:0.000018s ]
INFO: [ app_init ] --END-- [ RunTime:0.000479s ]
INFO: [ app_begin ] --START--
INFO: Run Behavior\ReadHtmlCacheBehavior [ RunTime:0.000959s ]
INFO: [ app_begin ] --END-- [ RunTime:0.001116s ]
ERR: 无法加载控制器:Update

[ 2016-05-22T20:58:18+08:00 ] ::1 /yuyaye/index.php/Admin/System/index.html
INFO: [ app_init ] --START--
INFO: Run Behavior\BuildLiteBehavior [ RunTime:0.000023s ]
INFO: [ app_init ] --END-- [ RunTime:0.000649s ]
INFO: [ app_begin ] --START--
INFO: Run Behavior\ReadHtmlCacheBehavior [ RunTime:0.001038s ]
INFO: [ app_begin ] --END-- [ RunTime:0.001126s ]
INFO: [ view_parse ] --START--
INFO: [ template_filter ] --START--
INFO: Run Behavior\ContentReplaceBehavior [ RunTime:0.000789s ]
INFO: [ template_filter ] --END-- [ RunTime:0.000903s ]
NOTIC: [8] Undefined variable: meta_keywords E:\myphp\DocumentRoot\yuyaye\Runtime\Cache\Admin\2c2c98dfae62b20ffdb7278df0486bd4.php 第 9 行.
NOTIC: [8] Undefined variable: meta_description E:\myphp\DocumentRoot\yuyaye\Runtime\Cache\Admin\2c2c98dfae62b20ffdb7278df0486bd4.php 第 10 行.
SQL: select version() as v; [ RunTime:0.0005s ]
NOTIC: [8] Undefined variable: _admin_tabs E:\myphp\DocumentRoot\yuyaye\Runtime\Cache\Admin\2c2c98dfae62b20ffdb7278df0486bd4.php 第 374 行.
INFO: Run Behavior\ParseTemplateBehavior [ RunTime:0.043064s ]
INFO: [ view_parse ] --END-- [ RunTime:0.043131s ]
INFO: [ view_filter ] --START--
INFO: Run Behavior\WriteHtmlCacheBehavior [ RunTime:0.000908s ]
INFO: [ view_filter ] --END-- [ RunTime:0.000978s ]
INFO: [ app_end ] --START--
INFO: Run Behavior\ShowPageTraceBehavior [ RunTime:0.007917s ]
INFO: [ app_end ] --END-- [ RunTime:0.008015s ]

[ 2016-05-22T20:58:18+08:00 ] ::1 /yuyaye/index.php/Admin/Update/checkVersion.html
INFO: [ app_init ] --START--
INFO: Run Behavior\BuildLiteBehavior [ RunTime:0.000021s ]
INFO: [ app_init ] --END-- [ RunTime:0.000590s ]
INFO: [ app_begin ] --START--
INFO: Run Behavior\ReadHtmlCacheBehavior [ RunTime:0.001395s ]
INFO: [ app_begin ] --END-- [ RunTime:0.001493s ]
ERR: 无法加载控制器:Update

[ 2016-05-22T20:58:32+08:00 ] ::1 /yuyaye/index.php/Admin/Index/index.html
INFO: [ app_init ] --START--
INFO: Run Behavior\BuildLiteBehavior [ RunTime:0.000016s ]
INFO: [ app_init ] --END-- [ RunTime:0.000454s ]
INFO: [ app_begin ] --START--
INFO: Run Behavior\ReadHtmlCacheBehavior [ RunTime:0.000828s ]
INFO: [ app_begin ] --END-- [ RunTime:0.000892s ]
INFO: [ view_parse ] --START--
INFO: [ template_filter ] --START--
INFO: Run Behavior\ContentReplaceBehavior [ RunTime:0.000629s ]
INFO: [ template_filter ] --END-- [ RunTime:0.000689s ]
NOTIC: [8] Undefined variable: meta_keywords E:\myphp\DocumentRoot\yuyaye\Runtime\Cache\Admin\b595b808c2ebeeeb0478ffc30bb4e87a.php 第 9 行.
NOTIC: [8] Undefined variable: meta_description E:\myphp\DocumentRoot\yuyaye\Runtime\Cache\Admin\b595b808c2ebeeeb0478ffc30bb4e87a.php 第 10 行.
SQL: select version() as v; [ RunTime:0.0002s ]
NOTIC: [8] Undefined variable: _admin_tabs E:\myphp\DocumentRoot\yuyaye\Runtime\Cache\Admin\b595b808c2ebeeeb0478ffc30bb4e87a.php 第 374 行.
INFO: Run Behavior\ParseTemplateBehavior [ RunTime:0.031742s ]
INFO: [ view_parse ] --END-- [ RunTime:0.031798s ]
INFO: [ view_filter ] --START--
INFO: Run Behavior\WriteHtmlCacheBehavior [ RunTime:0.000735s ]
INFO: [ view_filter ] --END-- [ RunTime:0.000788s ]
INFO: [ app_end ] --START--
INFO: Run Behavior\ShowPageTraceBehavior [ RunTime:0.009426s ]
INFO: [ app_end ] --END-- [ RunTime:0.009525s ]

[ 2016-05-22T20:58:33+08:00 ] ::1 /yuyaye/index.php/Admin/Update/checkVersion.html
INFO: [ app_init ] --START--
INFO: Run Behavior\BuildLiteBehavior [ RunTime:0.000022s ]
INFO: [ app_init ] --END-- [ RunTime:0.000712s ]
INFO: [ app_begin ] --START--
INFO: Run Behavior\ReadHtmlCacheBehavior [ RunTime:0.001169s ]
INFO: [ app_begin ] --END-- [ RunTime:0.001251s ]
ERR: 无法加载控制器:Update

[ 2016-05-22T20:58:33+08:00 ] ::1 /yuyaye/index.php/Admin/Index/index.html
INFO: [ app_init ] --START--
INFO: Run Behavior\BuildLiteBehavior [ RunTime:0.000016s ]
INFO: [ app_init ] --END-- [ RunTime:0.000462s ]
INFO: [ app_begin ] --START--
INFO: Run Behavior\ReadHtmlCacheBehavior [ RunTime:0.000855s ]
INFO: [ app_begin ] --END-- [ RunTime:0.000925s ]
INFO: [ view_parse ] --START--
INFO: [ template_filter ] --START--
INFO: Run Behavior\ContentReplaceBehavior [ RunTime:0.000623s ]
INFO: [ template_filter ] --END-- [ RunTime:0.000691s ]
NOTIC: [8] Undefined variable: meta_keywords E:\myphp\DocumentRoot\yuyaye\Runtime\Cache\Admin\b595b808c2ebeeeb0478ffc30bb4e87a.php 第 9 行.
NOTIC: [8] Undefined variable: meta_description E:\myphp\DocumentRoot\yuyaye\Runtime\Cache\Admin\b595b808c2ebeeeb0478ffc30bb4e87a.php 第 10 行.
SQL: select version() as v; [ RunTime:0.0003s ]
NOTIC: [8] Undefined variable: _admin_tabs E:\myphp\DocumentRoot\yuyaye\Runtime\Cache\Admin\b595b808c2ebeeeb0478ffc30bb4e87a.php 第 374 行.
INFO: Run Behavior\ParseTemplateBehavior [ RunTime:0.031773s ]
INFO: [ view_parse ] --END-- [ RunTime:0.031828s ]
INFO: [ view_filter ] --START--
INFO: Run Behavior\WriteHtmlCacheBehavior [ RunTime:0.000722s ]
INFO: [ view_filter ] --END-- [ RunTime:0.000775s ]
INFO: [ app_end ] --START--
INFO: Run Behavior\ShowPageTraceBehavior [ RunTime:0.005740s ]
INFO: [ app_end ] --END-- [ RunTime:0.005831s ]

[ 2016-05-22T20:58:33+08:00 ] ::1 /yuyaye/index.php/Admin/Update/checkVersion.html
INFO: [ app_init ] --START--
INFO: Run Behavior\BuildLiteBehavior [ RunTime:0.000023s ]
INFO: [ app_init ] --END-- [ RunTime:0.000645s ]
INFO: [ app_begin ] --START--
INFO: Run Behavior\ReadHtmlCacheBehavior [ RunTime:0.000855s ]
INFO: [ app_begin ] --END-- [ RunTime:0.000918s ]
ERR: 无法加载控制器:Update

[ 2016-05-22T20:58:35+08:00 ] ::1 /yuyaye/index.php/Admin/System/index.html
INFO: [ app_init ] --START--
INFO: Run Behavior\BuildLiteBehavior [ RunTime:0.000022s ]
INFO: [ app_init ] --END-- [ RunTime:0.000674s ]
INFO: [ app_begin ] --START--
INFO: Run Behavior\ReadHtmlCacheBehavior [ RunTime:0.001084s ]
INFO: [ app_begin ] --END-- [ RunTime:0.001170s ]
INFO: [ view_parse ] --START--
INFO: [ template_filter ] --START--
INFO: Run Behavior\ContentReplaceBehavior [ RunTime:0.001298s ]
INFO: [ template_filter ] --END-- [ RunTime:0.001399s ]
NOTIC: [8] Undefined variable: meta_keywords E:\myphp\DocumentRoot\yuyaye\Runtime\Cache\Admin\2c2c98dfae62b20ffdb7278df0486bd4.php 第 9 行.
NOTIC: [8] Undefined variable: meta_description E:\myphp\DocumentRoot\yuyaye\Runtime\Cache\Admin\2c2c98dfae62b20ffdb7278df0486bd4.php 第 10 行.
SQL: select version() as v; [ RunTime:0.0008s ]
NOTIC: [8] Undefined variable: _admin_tabs E:\myphp\DocumentRoot\yuyaye\Runtime\Cache\Admin\2c2c98dfae62b20ffdb7278df0486bd4.php 第 374 行.
INFO: Run Behavior\ParseTemplateBehavior [ RunTime:0.042992s ]
INFO: [ view_parse ] --END-- [ RunTime:0.043080s ]
INFO: [ view_filter ] --START--
INFO: Run Behavior\WriteHtmlCacheBehavior [ RunTime:0.001122s ]
INFO: [ view_filter ] --END-- [ RunTime:0.001204s ]
INFO: [ app_end ] --START--
INFO: Run Behavior\ShowPageTraceBehavior [ RunTime:0.007572s ]
INFO: [ app_end ] --END-- [ RunTime:0.007672s ]

[ 2016-05-22T20:58:35+08:00 ] ::1 /yuyaye/index.php/Admin/Update/checkVersion.html
INFO: [ app_init ] --START--
INFO: Run Behavior\BuildLiteBehavior [ RunTime:0.000021s ]
INFO: [ app_init ] --END-- [ RunTime:0.000658s ]
INFO: [ app_begin ] --START--
INFO: Run Behavior\ReadHtmlCacheBehavior [ RunTime:0.001365s ]
INFO: [ app_begin ] --END-- [ RunTime:0.001457s ]
ERR: 无法加载控制器:Update

[ 2016-05-22T20:58:36+08:00 ] ::1 /yuyaye/index.php/Admin/Index/index.html
INFO: [ app_init ] --START--
INFO: Run Behavior\BuildLiteBehavior [ RunTime:0.000016s ]
INFO: [ app_init ] --END-- [ RunTime:0.000462s ]
INFO: [ app_begin ] --START--
INFO: Run Behavior\ReadHtmlCacheBehavior [ RunTime:0.000848s ]
INFO: [ app_begin ] --END-- [ RunTime:0.000913s ]
INFO: [ view_parse ] --START--
INFO: [ template_filter ] --START--
INFO: Run Behavior\ContentReplaceBehavior [ RunTime:0.000649s ]
INFO: [ template_filter ] --END-- [ RunTime:0.000710s ]
NOTIC: [8] Undefined variable: meta_keywords E:\myphp\DocumentRoot\yuyaye\Runtime\Cache\Admin\b595b808c2ebeeeb0478ffc30bb4e87a.php 第 9 行.
NOTIC: [8] Undefined variable: meta_description E:\myphp\DocumentRoot\yuyaye\Runtime\Cache\Admin\b595b808c2ebeeeb0478ffc30bb4e87a.php 第 10 行.
SQL: select version() as v; [ RunTime:0.0002s ]
NOTIC: [8] Undefined variable: _admin_tabs E:\myphp\DocumentRoot\yuyaye\Runtime\Cache\Admin\b595b808c2ebeeeb0478ffc30bb4e87a.php 第 374 行.
INFO: Run Behavior\ParseTemplateBehavior [ RunTime:0.032819s ]
INFO: [ view_parse ] --END-- [ RunTime:0.032894s ]
INFO: [ view_filter ] --START--
INFO: Run Behavior\WriteHtmlCacheBehavior [ RunTime:0.000707s ]
INFO: [ view_filter ] --END-- [ RunTime:0.000760s ]
INFO: [ app_end ] --START--
INFO: Run Behavior\ShowPageTraceBehavior [ RunTime:0.009734s ]
INFO: [ app_end ] --END-- [ RunTime:0.009839s ]

[ 2016-05-22T20:58:36+08:00 ] ::1 /yuyaye/index.php/Admin/Update/checkVersion.html
INFO: [ app_init ] --START--
INFO: Run Behavior\BuildLiteBehavior [ RunTime:0.000017s ]
INFO: [ app_init ] --END-- [ RunTime:0.000474s ]
INFO: [ app_begin ] --START--
INFO: Run Behavior\ReadHtmlCacheBehavior [ RunTime:0.000837s ]
INFO: [ app_begin ] --END-- [ RunTime:0.000898s ]
ERR: 无法加载控制器:Update

[ 2016-05-22T20:58:37+08:00 ] ::1 /yuyaye/index.php/Admin/System/index.html
INFO: [ app_init ] --START--
INFO: Run Behavior\BuildLiteBehavior [ RunTime:0.000018s ]
INFO: [ app_init ] --END-- [ RunTime:0.000464s ]
INFO: [ app_begin ] --START--
INFO: Run Behavior\ReadHtmlCacheBehavior [ RunTime:0.000862s ]
INFO: [ app_begin ] --END-- [ RunTime:0.000937s ]
INFO: [ view_parse ] --START--
INFO: [ template_filter ] --START--
INFO: Run Behavior\ContentReplaceBehavior [ RunTime:0.000619s ]
INFO: [ template_filter ] --END-- [ RunTime:0.000679s ]
NOTIC: [8] Undefined variable: meta_keywords E:\myphp\DocumentRoot\yuyaye\Runtime\Cache\Admin\2c2c98dfae62b20ffdb7278df0486bd4.php 第 9 行.
NOTIC: [8] Undefined variable: meta_description E:\myphp\DocumentRoot\yuyaye\Runtime\Cache\Admin\2c2c98dfae62b20ffdb7278df0486bd4.php 第 10 行.
SQL: select version() as v; [ RunTime:0.0003s ]
NOTIC: [8] Undefined variable: _admin_tabs E:\myphp\DocumentRoot\yuyaye\Runtime\Cache\Admin\2c2c98dfae62b20ffdb7278df0486bd4.php 第 374 行.
INFO: Run Behavior\ParseTemplateBehavior [ RunTime:0.031726s ]
INFO: [ view_parse ] --END-- [ RunTime:0.031781s ]
INFO: [ view_filter ] --START--
INFO: Run Behavior\WriteHtmlCacheBehavior [ RunTime:0.000718s ]
INFO: [ view_filter ] --END-- [ RunTime:0.000770s ]
INFO: [ app_end ] --START--
INFO: Run Behavior\ShowPageTraceBehavior [ RunTime:0.007672s ]
INFO: [ app_end ] --END-- [ RunTime:0.007800s ]

[ 2016-05-22T20:58:37+08:00 ] ::1 /yuyaye/index.php/Admin/Update/checkVersion.html
INFO: [ app_init ] --START--
INFO: Run Behavior\BuildLiteBehavior [ RunTime:0.000032s ]
INFO: [ app_init ] --END-- [ RunTime:0.001104s ]
INFO: [ app_begin ] --START--
INFO: Run Behavior\ReadHtmlCacheBehavior [ RunTime:0.001504s ]
INFO: [ app_begin ] --END-- [ RunTime:0.001585s ]
ERR: 无法加载控制器:Update

[ 2016-05-22T20:58:38+08:00 ] ::1 /yuyaye/index.php/Admin/Index/index.html
INFO: [ app_init ] --START--
INFO: Run Behavior\BuildLiteBehavior [ RunTime:0.000017s ]
INFO: [ app_init ] --END-- [ RunTime:0.000504s ]
INFO: [ app_begin ] --START--
INFO: Run Behavior\ReadHtmlCacheBehavior [ RunTime:0.000831s ]
INFO: [ app_begin ] --END-- [ RunTime:0.000899s ]
INFO: [ view_parse ] --START--
INFO: [ template_filter ] --START--
INFO: Run Behavior\ContentReplaceBehavior [ RunTime:0.000657s ]
INFO: [ template_filter ] --END-- [ RunTime:0.000735s ]
NOTIC: [8] Undefined variable: meta_keywords E:\myphp\DocumentRoot\yuyaye\Runtime\Cache\Admin\b595b808c2ebeeeb0478ffc30bb4e87a.php 第 9 行.
NOTIC: [8] Undefined variable: meta_description E:\myphp\DocumentRoot\yuyaye\Runtime\Cache\Admin\b595b808c2ebeeeb0478ffc30bb4e87a.php 第 10 行.
SQL: select version() as v; [ RunTime:0.0002s ]
NOTIC: [8] Undefined variable: _admin_tabs E:\myphp\DocumentRoot\yuyaye\Runtime\Cache\Admin\b595b808c2ebeeeb0478ffc30bb4e87a.php 第 374 行.
INFO: Run Behavior\ParseTemplateBehavior [ RunTime:0.033757s ]
INFO: [ view_parse ] --END-- [ RunTime:0.033829s ]
INFO: [ view_filter ] --START--
INFO: Run Behavior\WriteHtmlCacheBehavior [ RunTime:0.001123s ]
INFO: [ view_filter ] --END-- [ RunTime:0.001187s ]
INFO: [ app_end ] --START--
INFO: Run Behavior\ShowPageTraceBehavior [ RunTime:0.012031s ]
INFO: [ app_end ] --END-- [ RunTime:0.012160s ]

[ 2016-05-22T20:58:38+08:00 ] ::1 /yuyaye/index.php/Admin/Update/checkVersion.html
INFO: [ app_init ] --START--
INFO: Run Behavior\BuildLiteBehavior [ RunTime:0.000018s ]
INFO: [ app_init ] --END-- [ RunTime:0.000489s ]
INFO: [ app_begin ] --START--
INFO: Run Behavior\ReadHtmlCacheBehavior [ RunTime:0.002098s ]
INFO: [ app_begin ] --END-- [ RunTime:0.002202s ]
ERR: 无法加载控制器:Update

[ 2016-05-22T20:58:39+08:00 ] ::1 /yuyaye/index.php/Admin/System/index.html
INFO: [ app_init ] --START--
INFO: Run Behavior\BuildLiteBehavior [ RunTime:0.000026s ]
INFO: [ app_init ] --END-- [ RunTime:0.000734s ]
INFO: [ app_begin ] --START--
INFO: Run Behavior\ReadHtmlCacheBehavior [ RunTime:0.000934s ]
INFO: [ app_begin ] --END-- [ RunTime:0.001002s ]
INFO: [ view_parse ] --START--
INFO: [ template_filter ] --START--
INFO: Run Behavior\ContentReplaceBehavior [ RunTime:0.000628s ]
INFO: [ template_filter ] --END-- [ RunTime:0.000688s ]
NOTIC: [8] Undefined variable: meta_keywords E:\myphp\DocumentRoot\yuyaye\Runtime\Cache\Admin\2c2c98dfae62b20ffdb7278df0486bd4.php 第 9 行.
NOTIC: [8] Undefined variable: meta_description E:\myphp\DocumentRoot\yuyaye\Runtime\Cache\Admin\2c2c98dfae62b20ffdb7278df0486bd4.php 第 10 行.
SQL: select version() as v; [ RunTime:0.0003s ]
NOTIC: [8] Undefined variable: _admin_tabs E:\myphp\DocumentRoot\yuyaye\Runtime\Cache\Admin\2c2c98dfae62b20ffdb7278df0486bd4.php 第 374 行.
INFO: Run Behavior\ParseTemplateBehavior [ RunTime:0.034971s ]
INFO: [ view_parse ] --END-- [ RunTime:0.035022s ]
INFO: [ view_filter ] --START--
INFO: Run Behavior\WriteHtmlCacheBehavior [ RunTime:0.002224s ]
INFO: [ view_filter ] --END-- [ RunTime:0.002304s ]
INFO: [ app_end ] --START--
INFO: Run Behavior\ShowPageTraceBehavior [ RunTime:0.007913s ]
INFO: [ app_end ] --END-- [ RunTime:0.008009s ]

[ 2016-05-22T20:58:40+08:00 ] ::1 /yuyaye/index.php/Admin/Update/checkVersion.html
INFO: [ app_init ] --START--
INFO: Run Behavior\BuildLiteBehavior [ RunTime:0.000027s ]
INFO: [ app_init ] --END-- [ RunTime:0.001538s ]
INFO: [ app_begin ] --START--
INFO: Run Behavior\ReadHtmlCacheBehavior [ RunTime:0.001090s ]
INFO: [ app_begin ] --END-- [ RunTime:0.001180s ]
ERR: 无法加载控制器:Update

[ 2016-05-22T20:58:40+08:00 ] ::1 /yuyaye/index.php/Admin/Index/index.html
INFO: [ app_init ] --START--
INFO: Run Behavior\BuildLiteBehavior [ RunTime:0.000018s ]
INFO: [ app_init ] --END-- [ RunTime:0.000481s ]
INFO: [ app_begin ] --START--
INFO: Run Behavior\ReadHtmlCacheBehavior [ RunTime:0.001003s ]
INFO: [ app_begin ] --END-- [ RunTime:0.001086s ]
INFO: [ view_parse ] --START--
INFO: [ template_filter ] --START--
INFO: Run Behavior\ContentReplaceBehavior [ RunTime:0.000673s ]
INFO: [ template_filter ] --END-- [ RunTime:0.000757s ]
NOTIC: [8] Undefined variable: meta_keywords E:\myphp\DocumentRoot\yuyaye\Runtime\Cache\Admin\b595b808c2ebeeeb0478ffc30bb4e87a.php 第 9 行.
NOTIC: [8] Undefined variable: meta_description E:\myphp\DocumentRoot\yuyaye\Runtime\Cache\Admin\b595b808c2ebeeeb0478ffc30bb4e87a.php 第 10 行.
SQL: select version() as v; [ RunTime:0.0002s ]
NOTIC: [8] Undefined variable: _admin_tabs E:\myphp\DocumentRoot\yuyaye\Runtime\Cache\Admin\b595b808c2ebeeeb0478ffc30bb4e87a.php 第 374 行.
INFO: Run Behavior\ParseTemplateBehavior [ RunTime:0.037002s ]
INFO: [ view_parse ] --END-- [ RunTime:0.037381s ]
INFO: [ view_filter ] --START--
INFO: Run Behavior\WriteHtmlCacheBehavior [ RunTime:0.000735s ]
INFO: [ view_filter ] --END-- [ RunTime:0.000789s ]
INFO: [ app_end ] --START--
INFO: Run Behavior\ShowPageTraceBehavior [ RunTime:0.008996s ]
INFO: [ app_end ] --END-- [ RunTime:0.009091s ]

[ 2016-05-22T20:58:40+08:00 ] ::1 /yuyaye/index.php/Admin/Update/checkVersion.html
INFO: [ app_init ] --START--
INFO: Run Behavior\BuildLiteBehavior [ RunTime:0.000018s ]
INFO: [ app_init ] --END-- [ RunTime:0.000592s ]
INFO: [ app_begin ] --START--
INFO: Run Behavior\ReadHtmlCacheBehavior [ RunTime:0.000854s ]
INFO: [ app_begin ] --END-- [ RunTime:0.000919s ]
ERR: 无法加载控制器:Update

[ 2016-05-22T20:58:41+08:00 ] ::1 /yuyaye/index.php/Admin/System/index.html
INFO: [ app_init ] --START--
INFO: Run Behavior\BuildLiteBehavior [ RunTime:0.000030s ]
INFO: [ app_init ] --END-- [ RunTime:0.000968s ]
INFO: [ app_begin ] --START--
INFO: Run Behavior\ReadHtmlCacheBehavior [ RunTime:0.001271s ]
INFO: [ app_begin ] --END-- [ RunTime:0.001368s ]
INFO: [ view_parse ] --START--
INFO: [ template_filter ] --START--
INFO: Run Behavior\ContentReplaceBehavior [ RunTime:0.000631s ]
INFO: [ template_filter ] --END-- [ RunTime:0.000692s ]
NOTIC: [8] Undefined variable: meta_keywords E:\myphp\DocumentRoot\yuyaye\Runtime\Cache\Admin\2c2c98dfae62b20ffdb7278df0486bd4.php 第 9 行.
NOTIC: [8] Undefined variable: meta_description E:\myphp\DocumentRoot\yuyaye\Runtime\Cache\Admin\2c2c98dfae62b20ffdb7278df0486bd4.php 第 10 行.
SQL: select version() as v; [ RunTime:0.0002s ]
NOTIC: [8] Undefined variable: _admin_tabs E:\myphp\DocumentRoot\yuyaye\Runtime\Cache\Admin\2c2c98dfae62b20ffdb7278df0486bd4.php 第 374 行.
INFO: Run Behavior\ParseTemplateBehavior [ RunTime:0.036556s ]
INFO: [ view_parse ] --END-- [ RunTime:0.036610s ]
INFO: [ view_filter ] --START--
INFO: Run Behavior\WriteHtmlCacheBehavior [ RunTime:0.000723s ]
INFO: [ view_filter ] --END-- [ RunTime:0.000775s ]
INFO: [ app_end ] --START--
INFO: Run Behavior\ShowPageTraceBehavior [ RunTime:0.011143s ]
INFO: [ app_end ] --END-- [ RunTime:0.011237s ]

[ 2016-05-22T20:58:41+08:00 ] ::1 /yuyaye/index.php/Admin/Update/checkVersion.html
INFO: [ app_init ] --START--
INFO: Run Behavior\BuildLiteBehavior [ RunTime:0.000017s ]
INFO: [ app_init ] --END-- [ RunTime:0.000496s ]
INFO: [ app_begin ] --START--
INFO: Run Behavior\ReadHtmlCacheBehavior [ RunTime:0.001139s ]
INFO: [ app_begin ] --END-- [ RunTime:0.001219s ]
ERR: 无法加载控制器:Update

[ 2016-05-22T21:02:48+08:00 ] ::1 /yuyaye/index.php/Admin/Link/index.html
INFO: [ app_init ] --START--
INFO: Run Behavior\BuildLiteBehavior [ RunTime:0.000024s ]
INFO: [ app_init ] --END-- [ RunTime:0.000737s ]
INFO: [ app_begin ] --START--
INFO: Run Behavior\ReadHtmlCacheBehavior [ RunTime:0.001528s ]
INFO: [ app_begin ] --END-- [ RunTime:0.001618s ]
NOTIC: [2048] Declaration of Admin\Controller\LinkController::setStatus() should be compatible with Admin\Controller\PublicController::setStatus($model, $script = false) E:\myphp\DocumentRoot\yuyaye\Application\Admin\Controller\LinkController.class.php 第 7 行.
SQL: SHOW COLUMNS FROM `ddf_link` [ RunTime:0.0024s ]
NOTIC: [8] Undefined index: p E:\myphp\DocumentRoot\yuyaye\Application\Admin\Controller\LinkController.class.php 第 32 行.
NOTIC: [2048] Only variables should be passed by reference E:\myphp\DocumentRoot\yuyaye\ThinkPHP\Library\Think\Db\Driver.class.php 第 769 行.
SQL: SELECT * FROM `ddf_link` WHERE ( `id` LIKE '%%' OR `link_name` LIKE '%%' ) AND `status` >= '0' ORDER BY `id` asc LIMIT 0,8   [ RunTime:0.0006s ]
SQL: SELECT COUNT(*) AS tp_count FROM `ddf_link` WHERE ( `id` LIKE '%%' OR `link_name` LIKE '%%' ) AND `status` >= '0' LIMIT 1   [ RunTime:0.0005s ]
NOTIC: [2048] Declaration of Common\Builder\ListBuilder::display() should be compatible with Common\Controller\CommonController::display($template = '', $charset = '', $contentType = '', $content = '', $prefix = '') E:\myphp\DocumentRoot\yuyaye\Application\Common\Builder\ListBuilder.class.php 第 16 行.
NOTIC: [8] Undefined index: type E:\myphp\DocumentRoot\yuyaye\Application\Common\Builder\ListBuilder.class.php 第 523 行.
NOTIC: [8] Undefined index: type E:\myphp\DocumentRoot\yuyaye\Application\Common\Builder\ListBuilder.class.php 第 523 行.
NOTIC: [8] Undefined index: right_button E:\myphp\DocumentRoot\yuyaye\Application\Common\Builder\ListBuilder.class.php 第 536 行.
NOTIC: [8] Undefined index: type E:\myphp\DocumentRoot\yuyaye\Application\Common\Builder\ListBuilder.class.php 第 523 行.
NOTIC: [8] Undefined index: type E:\myphp\DocumentRoot\yuyaye\Application\Common\Builder\ListBuilder.class.php 第 523 行.
NOTIC: [8] Undefined index: type E:\myphp\DocumentRoot\yuyaye\Application\Common\Builder\ListBuilder.class.php 第 523 行.
NOTIC: [8] Undefined index: type E:\myphp\DocumentRoot\yuyaye\Application\Common\Builder\ListBuilder.class.php 第 523 行.
NOTIC: [8] Undefined index: right_button E:\myphp\DocumentRoot\yuyaye\Application\Common\Builder\ListBuilder.class.php 第 536 行.
NOTIC: [8] Undefined index: type E:\myphp\DocumentRoot\yuyaye\Application\Common\Builder\ListBuilder.class.php 第 523 行.
NOTIC: [8] Undefined index: type E:\myphp\DocumentRoot\yuyaye\Application\Common\Builder\ListBuilder.class.php 第 523 行.
NOTIC: [8] Undefined index: type E:\myphp\DocumentRoot\yuyaye\Application\Common\Builder\ListBuilder.class.php 第 523 行.
NOTIC: [8] Undefined index: type E:\myphp\DocumentRoot\yuyaye\Application\Common\Builder\ListBuilder.class.php 第 523 行.
NOTIC: [8] Undefined index: right_button E:\myphp\DocumentRoot\yuyaye\Application\Common\Builder\ListBuilder.class.php 第 536 行.
NOTIC: [8] Undefined index: type E:\myphp\DocumentRoot\yuyaye\Application\Common\Builder\ListBuilder.class.php 第 523 行.
NOTIC: [8] Undefined index: type E:\myphp\DocumentRoot\yuyaye\Application\Common\Builder\ListBuilder.class.php 第 523 行.
NOTIC: [8] Undefined index: type E:\myphp\DocumentRoot\yuyaye\Application\Common\Builder\ListBuilder.class.php 第 523 行.
NOTIC: [8] Undefined index: type E:\myphp\DocumentRoot\yuyaye\Application\Common\Builder\ListBuilder.class.php 第 523 行.
NOTIC: [8] Undefined index: right_button E:\myphp\DocumentRoot\yuyaye\Application\Common\Builder\ListBuilder.class.php 第 536 行.
NOTIC: [8] Undefined index: type E:\myphp\DocumentRoot\yuyaye\Application\Common\Builder\ListBuilder.class.php 第 523 行.
NOTIC: [8] Undefined index: type E:\myphp\DocumentRoot\yuyaye\Application\Common\Builder\ListBuilder.class.php 第 523 行.
NOTIC: [8] Undefined index: type E:\myphp\DocumentRoot\yuyaye\Application\Common\Builder\ListBuilder.class.php 第 523 行.
NOTIC: [8] Undefined index: type E:\myphp\DocumentRoot\yuyaye\Application\Common\Builder\ListBuilder.class.php 第 523 行.
NOTIC: [8] Undefined index: right_button E:\myphp\DocumentRoot\yuyaye\Application\Common\Builder\ListBuilder.class.php 第 536 行.
NOTIC: [8] Undefined index: type E:\myphp\DocumentRoot\yuyaye\Application\Common\Builder\ListBuilder.class.php 第 523 行.
NOTIC: [8] Undefined index: type E:\myphp\DocumentRoot\yuyaye\Application\Common\Builder\ListBuilder.class.php 第 523 行.
NOTIC: [8] Undefined index: type E:\myphp\DocumentRoot\yuyaye\Application\Common\Builder\ListBuilder.class.php 第 523 行.
NOTIC: [8] Undefined index: type E:\myphp\DocumentRoot\yuyaye\Application\Common\Builder\ListBuilder.class.php 第 523 行.
NOTIC: [8] Undefined index: right_button E:\myphp\DocumentRoot\yuyaye\Application\Common\Builder\ListBuilder.class.php 第 536 行.
NOTIC: [8] Undefined index: type E:\myphp\DocumentRoot\yuyaye\Application\Common\Builder\ListBuilder.class.php 第 523 行.
NOTIC: [8] Undefined index: type E:\myphp\DocumentRoot\yuyaye\Application\Common\Builder\ListBuilder.class.php 第 523 行.
INFO: [ view_parse ] --START--
INFO: [ template_filter ] --START--
INFO: Run Behavior\ContentReplaceBehavior [ RunTime:0.000686s ]
INFO: [ template_filter ] --END-- [ RunTime:0.001126s ]
NOTIC: [8] Undefined variable: meta_keywords E:\myphp\DocumentRoot\yuyaye\Runtime\Cache\Admin\d2db961455aa86f1865a8062c7758332.php 第 9 行.
NOTIC: [8] Undefined variable: meta_description E:\myphp\DocumentRoot\yuyaye\Runtime\Cache\Admin\d2db961455aa86f1865a8062c7758332.php 第 10 行.
NOTIC: [8] Undefined index: keyword E:\myphp\DocumentRoot\yuyaye\Runtime\Cache\Admin\d2db961455aa86f1865a8062c7758332.php 第 363 行.
NOTIC: [8] Undefined variable: _admin_tabs E:\myphp\DocumentRoot\yuyaye\Runtime\Cache\Admin\d2db961455aa86f1865a8062c7758332.php 第 451 行.
INFO: Run Behavior\ParseTemplateBehavior [ RunTime:0.034968s ]
INFO: [ view_parse ] --END-- [ RunTime:0.035052s ]
INFO: [ view_filter ] --START--
INFO: Run Behavior\WriteHtmlCacheBehavior [ RunTime:0.000999s ]
INFO: [ view_filter ] --END-- [ RunTime:0.001076s ]
INFO: [ app_end ] --START--
INFO: Run Behavior\ShowPageTraceBehavior [ RunTime:0.003400s ]
INFO: [ app_end ] --END-- [ RunTime:0.003501s ]

[ 2016-05-22T21:02:51+08:00 ] ::1 /yuyaye/index.php/Admin/User/index.html
INFO: [ app_init ] --START--
INFO: Run Behavior\BuildLiteBehavior [ RunTime:0.000052s ]
INFO: [ app_init ] --END-- [ RunTime:0.000956s ]
INFO: [ app_begin ] --START--
INFO: Run Behavior\ReadHtmlCacheBehavior [ RunTime:0.000821s ]
INFO: [ app_begin ] --END-- [ RunTime:0.000890s ]
INFO: [ view_parse ] --START--
INFO: [ template_filter ] --START--
INFO: Run Behavior\ContentReplaceBehavior [ RunTime:0.000625s ]
INFO: [ template_filter ] --END-- [ RunTime:0.000686s ]
NOTIC: [8] Undefined variable: meta_keywords E:\myphp\DocumentRoot\yuyaye\Runtime\Cache\Admin\65e605872ed5d34210f5b33beb13f5a3.php 第 9 行.
NOTIC: [8] Undefined variable: meta_description E:\myphp\DocumentRoot\yuyaye\Runtime\Cache\Admin\65e605872ed5d34210f5b33beb13f5a3.php 第 10 行.
SQL: select version() as v; [ RunTime:0.0002s ]
NOTIC: [8] Undefined variable: _admin_tabs E:\myphp\DocumentRoot\yuyaye\Runtime\Cache\Admin\65e605872ed5d34210f5b33beb13f5a3.php 第 374 行.
INFO: Run Behavior\ParseTemplateBehavior [ RunTime:0.034915s ]
INFO: [ view_parse ] --END-- [ RunTime:0.034967s ]
INFO: [ view_filter ] --START--
INFO: Run Behavior\WriteHtmlCacheBehavior [ RunTime:0.000678s ]
INFO: [ view_filter ] --END-- [ RunTime:0.000731s ]
INFO: [ app_end ] --START--
INFO: Run Behavior\ShowPageTraceBehavior [ RunTime:0.009384s ]
INFO: [ app_end ] --END-- [ RunTime:0.009475s ]

[ 2016-05-22T21:02:51+08:00 ] ::1 /yuyaye/index.php/Admin/Update/checkVersion.html
INFO: [ app_init ] --START--
INFO: Run Behavior\BuildLiteBehavior [ RunTime:0.000025s ]
INFO: [ app_init ] --END-- [ RunTime:0.000773s ]
INFO: [ app_begin ] --START--
INFO: Run Behavior\ReadHtmlCacheBehavior [ RunTime:0.001617s ]
INFO: [ app_begin ] --END-- [ RunTime:0.001722s ]
ERR: 无法加载控制器:Update

[ 2016-05-22T21:03:47+08:00 ] ::1 /yuyaye/index.php/Admin/System/index.html
INFO: [ app_init ] --START--
INFO: Run Behavior\BuildLiteBehavior [ RunTime:0.000017s ]
INFO: [ app_init ] --END-- [ RunTime:0.000483s ]
INFO: [ app_begin ] --START--
INFO: Run Behavior\ReadHtmlCacheBehavior [ RunTime:0.001866s ]
INFO: [ app_begin ] --END-- [ RunTime:0.001942s ]
INFO: [ view_parse ] --START--
INFO: [ template_filter ] --START--
INFO: Run Behavior\ContentReplaceBehavior [ RunTime:0.000630s ]
INFO: [ template_filter ] --END-- [ RunTime:0.000690s ]
NOTIC: [8] Undefined variable: meta_keywords E:\myphp\DocumentRoot\yuyaye\Runtime\Cache\Admin\2c2c98dfae62b20ffdb7278df0486bd4.php 第 9 行.
NOTIC: [8] Undefined variable: meta_description E:\myphp\DocumentRoot\yuyaye\Runtime\Cache\Admin\2c2c98dfae62b20ffdb7278df0486bd4.php 第 10 行.
SQL: select version() as v; [ RunTime:0.0002s ]
NOTIC: [8] Undefined variable: _admin_tabs E:\myphp\DocumentRoot\yuyaye\Runtime\Cache\Admin\2c2c98dfae62b20ffdb7278df0486bd4.php 第 374 行.
INFO: Run Behavior\ParseTemplateBehavior [ RunTime:0.032789s ]
INFO: [ view_parse ] --END-- [ RunTime:0.032842s ]
INFO: [ view_filter ] --START--
INFO: Run Behavior\WriteHtmlCacheBehavior [ RunTime:0.000717s ]
INFO: [ view_filter ] --END-- [ RunTime:0.000772s ]
INFO: [ app_end ] --START--
INFO: Run Behavior\ShowPageTraceBehavior [ RunTime:0.003863s ]
INFO: [ app_end ] --END-- [ RunTime:0.003950s ]

[ 2016-05-22T21:03:48+08:00 ] ::1 /yuyaye/index.php/Admin/Update/checkVersion.html
INFO: [ app_init ] --START--
INFO: Run Behavior\BuildLiteBehavior [ RunTime:0.000017s ]
INFO: [ app_init ] --END-- [ RunTime:0.000475s ]
INFO: [ app_begin ] --START--
INFO: Run Behavior\ReadHtmlCacheBehavior [ RunTime:0.000838s ]
INFO: [ app_begin ] --END-- [ RunTime:0.000904s ]
ERR: 无法加载控制器:Update

[ 2016-05-22T21:04:08+08:00 ] ::1 /yuyaye/index.php/Admin/User/index.html
INFO: [ app_init ] --START--
INFO: Run Behavior\BuildLiteBehavior [ RunTime:0.000018s ]
INFO: [ app_init ] --END-- [ RunTime:0.000497s ]
INFO: [ app_begin ] --START--
INFO: Run Behavior\ReadHtmlCacheBehavior [ RunTime:0.001055s ]
INFO: [ app_begin ] --END-- [ RunTime:0.001141s ]
INFO: [ view_parse ] --START--
INFO: [ template_filter ] --START--
INFO: Run Behavior\ContentReplaceBehavior [ RunTime:0.000803s ]
INFO: [ template_filter ] --END-- [ RunTime:0.000899s ]
NOTIC: [8] Undefined variable: meta_keywords E:\myphp\DocumentRoot\yuyaye\Runtime\Cache\Admin\65e605872ed5d34210f5b33beb13f5a3.php 第 9 行.
NOTIC: [8] Undefined variable: meta_description E:\myphp\DocumentRoot\yuyaye\Runtime\Cache\Admin\65e605872ed5d34210f5b33beb13f5a3.php 第 10 行.
SQL: select version() as v; [ RunTime:0.0002s ]
NOTIC: [8] Undefined variable: _admin_tabs E:\myphp\DocumentRoot\yuyaye\Runtime\Cache\Admin\65e605872ed5d34210f5b33beb13f5a3.php 第 374 行.
INFO: Run Behavior\ParseTemplateBehavior [ RunTime:0.037618s ]
INFO: [ view_parse ] --END-- [ RunTime:0.037700s ]
INFO: [ view_filter ] --START--
INFO: Run Behavior\WriteHtmlCacheBehavior [ RunTime:0.000708s ]
INFO: [ view_filter ] --END-- [ RunTime:0.000759s ]
INFO: [ app_end ] --START--
INFO: Run Behavior\ShowPageTraceBehavior [ RunTime:0.001094s ]
INFO: [ app_end ] --END-- [ RunTime:0.001177s ]

[ 2016-05-22T21:04:09+08:00 ] ::1 /yuyaye/index.php/Admin/Update/checkVersion.html
INFO: [ app_init ] --START--
INFO: Run Behavior\BuildLiteBehavior [ RunTime:0.000023s ]
INFO: [ app_init ] --END-- [ RunTime:0.000720s ]
INFO: [ app_begin ] --START--
INFO: Run Behavior\ReadHtmlCacheBehavior [ RunTime:0.001062s ]
INFO: [ app_begin ] --END-- [ RunTime:0.001161s ]
ERR: 无法加载控制器:Update

[ 2016-05-22T21:04:25+08:00 ] ::1 /yuyaye/index.php/Admin/System/index.html
INFO: [ app_init ] --START--
INFO: Run Behavior\BuildLiteBehavior [ RunTime:0.000020s ]
INFO: [ app_init ] --END-- [ RunTime:0.000537s ]
INFO: [ app_begin ] --START--
INFO: Run Behavior\ReadHtmlCacheBehavior [ RunTime:0.000647s ]
INFO: [ app_begin ] --END-- [ RunTime:0.000709s ]
INFO: [ view_parse ] --START--
INFO: [ template_filter ] --START--
INFO: Run Behavior\ContentReplaceBehavior [ RunTime:0.000637s ]
INFO: [ template_filter ] --END-- [ RunTime:0.000700s ]
NOTIC: [8] Undefined variable: meta_keywords E:\myphp\DocumentRoot\yuyaye\Runtime\Cache\Admin\2c2c98dfae62b20ffdb7278df0486bd4.php 第 9 行.
NOTIC: [8] Undefined variable: meta_description E:\myphp\DocumentRoot\yuyaye\Runtime\Cache\Admin\2c2c98dfae62b20ffdb7278df0486bd4.php 第 10 行.
SQL: select version() as v; [ RunTime:0.0004s ]
NOTIC: [8] Undefined variable: _admin_tabs E:\myphp\DocumentRoot\yuyaye\Runtime\Cache\Admin\2c2c98dfae62b20ffdb7278df0486bd4.php 第 374 行.
INFO: Run Behavior\ParseTemplateBehavior [ RunTime:0.028387s ]
INFO: [ view_parse ] --END-- [ RunTime:0.028455s ]
INFO: [ view_filter ] --START--
INFO: Run Behavior\WriteHtmlCacheBehavior [ RunTime:0.001067s ]
INFO: [ view_filter ] --END-- [ RunTime:0.001137s ]
INFO: [ app_end ] --START--
INFO: Run Behavior\ShowPageTraceBehavior [ RunTime:0.003558s ]
INFO: [ app_end ] --END-- [ RunTime:0.003653s ]

[ 2016-05-22T21:04:25+08:00 ] ::1 /yuyaye/index.php/Admin/Update/checkVersion.html
INFO: [ app_init ] --START--
INFO: Run Behavior\BuildLiteBehavior [ RunTime:0.000017s ]
INFO: [ app_init ] --END-- [ RunTime:0.000421s ]
INFO: [ app_begin ] --START--
INFO: Run Behavior\ReadHtmlCacheBehavior [ RunTime:0.001469s ]
INFO: [ app_begin ] --END-- [ RunTime:0.001539s ]
ERR: 无法加载控制器:Update

[ 2016-05-22T21:05:07+08:00 ] ::1 /yuyaye/index.php/Admin/User/index.html
INFO: [ app_init ] --START--
INFO: Run Behavior\BuildLiteBehavior [ RunTime:0.000017s ]
INFO: [ app_init ] --END-- [ RunTime:0.000493s ]
INFO: [ app_begin ] --START--
INFO: Run Behavior\ReadHtmlCacheBehavior [ RunTime:0.001224s ]
INFO: [ app_begin ] --END-- [ RunTime:0.001321s ]
INFO: [ view_parse ] --START--
INFO: [ template_filter ] --START--
INFO: Run Behavior\ContentReplaceBehavior [ RunTime:0.000626s ]
INFO: [ template_filter ] --END-- [ RunTime:0.000687s ]
NOTIC: [8] Undefined variable: meta_keywords E:\myphp\DocumentRoot\yuyaye\Runtime\Cache\Admin\65e605872ed5d34210f5b33beb13f5a3.php 第 9 行.
NOTIC: [8] Undefined variable: meta_description E:\myphp\DocumentRoot\yuyaye\Runtime\Cache\Admin\65e605872ed5d34210f5b33beb13f5a3.php 第 10 行.
SQL: select version() as v; [ RunTime:0.0002s ]
NOTIC: [8] Undefined variable: _admin_tabs E:\myphp\DocumentRoot\yuyaye\Runtime\Cache\Admin\65e605872ed5d34210f5b33beb13f5a3.php 第 374 行.
INFO: Run Behavior\ParseTemplateBehavior [ RunTime:0.031420s ]
INFO: [ view_parse ] --END-- [ RunTime:0.031475s ]
INFO: [ view_filter ] --START--
INFO: Run Behavior\WriteHtmlCacheBehavior [ RunTime:0.000729s ]
INFO: [ view_filter ] --END-- [ RunTime:0.000791s ]
INFO: [ app_end ] --START--
INFO: Run Behavior\ShowPageTraceBehavior [ RunTime:0.003797s ]
INFO: [ app_end ] --END-- [ RunTime:0.006800s ]

[ 2016-05-22T21:05:07+08:00 ] ::1 /yuyaye/index.php/Admin/Update/checkVersion.html
INFO: [ app_init ] --START--
INFO: Run Behavior\BuildLiteBehavior [ RunTime:0.000018s ]
INFO: [ app_init ] --END-- [ RunTime:0.000627s ]
INFO: [ app_begin ] --START--
INFO: Run Behavior\ReadHtmlCacheBehavior [ RunTime:0.001134s ]
INFO: [ app_begin ] --END-- [ RunTime:0.001366s ]
ERR: 无法加载控制器:Update

[ 2016-05-22T21:05:10+08:00 ] ::1 /yuyaye/index.php/Admin/System/index.html
INFO: [ app_init ] --START--
INFO: Run Behavior\BuildLiteBehavior [ RunTime:0.000017s ]
INFO: [ app_init ] --END-- [ RunTime:0.000419s ]
INFO: [ app_begin ] --START--
INFO: Run Behavior\ReadHtmlCacheBehavior [ RunTime:0.000839s ]
INFO: [ app_begin ] --END-- [ RunTime:0.000902s ]
INFO: [ view_parse ] --START--
INFO: [ template_filter ] --START--
INFO: Run Behavior\ContentReplaceBehavior [ RunTime:0.000629s ]
INFO: [ template_filter ] --END-- [ RunTime:0.000691s ]
NOTIC: [8] Undefined variable: meta_keywords E:\myphp\DocumentRoot\yuyaye\Runtime\Cache\Admin\2c2c98dfae62b20ffdb7278df0486bd4.php 第 9 行.
NOTIC: [8] Undefined variable: meta_description E:\myphp\DocumentRoot\yuyaye\Runtime\Cache\Admin\2c2c98dfae62b20ffdb7278df0486bd4.php 第 10 行.
SQL: select version() as v; [ RunTime:0.0002s ]
NOTIC: [8] Undefined variable: _admin_tabs E:\myphp\DocumentRoot\yuyaye\Runtime\Cache\Admin\2c2c98dfae62b20ffdb7278df0486bd4.php 第 374 行.
INFO: Run Behavior\ParseTemplateBehavior [ RunTime:0.029738s ]
INFO: [ view_parse ] --END-- [ RunTime:0.029791s ]
INFO: [ view_filter ] --START--
INFO: Run Behavior\WriteHtmlCacheBehavior [ RunTime:0.000704s ]
INFO: [ view_filter ] --END-- [ RunTime:0.000755s ]
INFO: [ app_end ] --START--
INFO: Run Behavior\ShowPageTraceBehavior [ RunTime:0.003758s ]
INFO: [ app_end ] --END-- [ RunTime:0.008948s ]

[ 2016-05-22T21:05:11+08:00 ] ::1 /yuyaye/index.php/Admin/Update/checkVersion.html
INFO: [ app_init ] --START--
INFO: Run Behavior\BuildLiteBehavior [ RunTime:0.000023s ]
INFO: [ app_init ] --END-- [ RunTime:0.000647s ]
INFO: [ app_begin ] --START--
INFO: Run Behavior\ReadHtmlCacheBehavior [ RunTime:0.000859s ]
INFO: [ app_begin ] --END-- [ RunTime:0.000994s ]
ERR: 无法加载控制器:Update

